#
# There is insufficient memory for the Java Runtime Environment to continue.
# Native memory allocation (mmap) failed to map 65536 bytes for Failed to commit metaspace.
# Possible reasons:
#   The system is out of physical RAM or swap space
#   The process is running with CompressedOops enabled, and the Java Heap may be blocking the growth of the native heap
# Possible solutions:
#   Reduce memory load on the system
#   Increase physical memory or swap space
#   Check if swap backing store is full
#   Decrease Java heap size (-Xmx/-Xms)
#   Decrease number of Java threads
#   Decrease Java thread stack sizes (-Xss)
#   Set larger code cache with -XX:ReservedCodeCacheSize=
#   JVM is running with Zero Based Compressed Oops mode in which the Java heap is
#     placed in the first 32GB address space. The Java Heap base address is the
#     maximum limit for the native heap growth. Please use -XX:HeapBaseMinAddress
#     to set the Java Heap base and to place the Java Heap above 32GB virtual address.
# This output file may be truncated or incomplete.
#
#  Out of Memory Error (virtualSpaceNode.cpp:110), pid=21680, tid=3188
#
# JRE version: OpenJDK Runtime Environment Microsoft-8552009 (17.0.9+8) (build 17.0.9+8-LTS)
# Java VM: OpenJDK 64-Bit Server VM Microsoft-8552009 (17.0.9+8-LTS, mixed mode, sharing, tiered, compressed oops, compressed class ptrs, g1 gc, windows-amd64)
# No core dump will be written. Minidumps are not enabled by default on client versions of Windows
#

---------------  S U M M A R Y ------------

Command Line: checkstyle-11.0.0-all.jar -c checkstyle.xml -f plain src/main/java src/test/java

Host: 11th Gen Intel(R) Core(TM) i5-1135G7 @ 2.40GHz, 8 cores, 15G,  Windows 11 , 64 bit Build 26100 (10.0.26100.7019)
Time: Mon Nov 17 20:30:18 2025 Mitteleuropäische Zeit elapsed time: 2.342548 seconds (0d 0h 0m 2s)

---------------  T H R E A D  ---------------

Current thread (0x000001911baf8f40):  JavaThread "main" [_thread_in_vm, id=3188, stack(0x00000024dd900000,0x00000024dda00000)]

Stack: [0x00000024dd900000,0x00000024dda00000]
Native frames: (J=compiled Java code, j=interpreted, Vv=VM code, C=native code)
V  [jvm.dll+0x67f089]
V  [jvm.dll+0x836eca]
V  [jvm.dll+0x83898e]
V  [jvm.dll+0x838ff3]
V  [jvm.dll+0x247fff]
V  [jvm.dll+0x832b8b]
V  [jvm.dll+0x6238c6]
V  [jvm.dll+0x62392a]
V  [jvm.dll+0x62615a]
V  [jvm.dll+0x624266]
V  [jvm.dll+0x23c54f]
V  [jvm.dll+0x62e115]
V  [jvm.dll+0x1ec11b]
V  [jvm.dll+0x1ec655]
V  [jvm.dll+0x1ed110]
V  [jvm.dll+0x1e2511]
V  [jvm.dll+0x54518e]
V  [jvm.dll+0x1f2f67]
V  [jvm.dll+0x7b02bb]
V  [jvm.dll+0x7b168c]
V  [jvm.dll+0x41a485]
C  [java.dll+0x1a55]

Java frames: (J=compiled Java code, j=interpreted, Vv=VM code)
j  java.lang.ClassLoader.findBootstrapClass(Ljava/lang/String;)Ljava/lang/Class;+0 java.base@17.0.9
j  java.lang.ClassLoader.findBootstrapClassOrNull(Ljava/lang/String;)Ljava/lang/Class;+10 java.base@17.0.9
j  java.lang.System$2.findBootstrapClassOrNull(Ljava/lang/String;)Ljava/lang/Class;+1 java.base@17.0.9
j  jdk.internal.loader.ClassLoaders$BootClassLoader.loadClassOrNull(Ljava/lang/String;Z)Ljava/lang/Class;+4 java.base@17.0.9
j  jdk.internal.loader.BuiltinClassLoader.loadClassOrNull(Ljava/lang/String;)Ljava/lang/Class;+3 java.base@17.0.9
j  jdk.internal.loader.BuiltinClassLoader.loadClassOrNull(Ljava/lang/String;Z)Ljava/lang/Class;+66 java.base@17.0.9
J 271 c1 jdk.internal.loader.BuiltinClassLoader.loadClass(Ljava/lang/String;Z)Ljava/lang/Class; java.base@17.0.9 (22 bytes) @ 0x0000019123663ecc [0x0000019123663dc0+0x000000000000010c]
j  jdk.internal.loader.ClassLoaders$AppClassLoader.loadClass(Ljava/lang/String;Z)Ljava/lang/Class;+36 java.base@17.0.9
J 270 c1 java.lang.ClassLoader.loadClass(Ljava/lang/String;)Ljava/lang/Class; java.base@17.0.9 (7 bytes) @ 0x0000019123663acc [0x00000191236639c0+0x000000000000010c]
v  ~StubRoutines::call_stub
j  picocli.CommandLine.<init>(Ljava/lang/Object;Lpicocli/CommandLine$IFactory;Z)V+77
j  picocli.CommandLine.<init>(Ljava/lang/Object;Lpicocli/CommandLine$IFactory;)V+4
j  picocli.CommandLine.<init>(Ljava/lang/Object;)V+10
j  com.puppycrawl.tools.checkstyle.Main.main([Ljava/lang/String;)V+13
v  ~StubRoutines::call_stub

Compiled method (c1)    2386  271       3       jdk.internal.loader.BuiltinClassLoader::loadClass (22 bytes)
 total in heap  [0x0000019123663c10,0x0000019123664130] = 1312
 relocation     [0x0000019123663d68,0x0000019123663db8] = 80
 main code      [0x0000019123663dc0,0x0000019123664020] = 608
 stub code      [0x0000019123664020,0x0000019123664078] = 88
 metadata       [0x0000019123664078,0x0000019123664080] = 8
 scopes data    [0x0000019123664080,0x00000191236640c8] = 72
 scopes pcs     [0x00000191236640c8,0x0000019123664128] = 96
 dependencies   [0x0000019123664128,0x0000019123664130] = 8

[Constant Pool (empty)]

[MachCode]
[Entry Point]
  # {method} {0x000001913f07ec48} 'loadClass' '(Ljava/lang/String;Z)Ljava/lang/Class;' in 'jdk/internal/loader/BuiltinClassLoader'
  # this:     rdx:rdx   = 'jdk/internal/loader/BuiltinClassLoader'
  # parm0:    r8:r8     = 'java/lang/String'
  # parm1:    r9        = boolean
  #           [sp+0x50]  (sp of caller)
  0x0000019123663dc0: 448b 5208 | 49bb 0000 | 003f 9101 | 0000 4d03 | d34c 3bd0 

  0x0000019123663dd4: ;   {runtime_call ic_miss_stub}
  0x0000019123663dd4: 0f85 a6d7 | 5207 660f | 1f44 0000 
[Verified Entry Point]
  0x0000019123663de0: 8984 2400 | 90ff ff55 | 4883 ec40 

  0x0000019123663dec: ;   {metadata(method data for {method} {0x000001913f07ec48} 'loadClass' '(Ljava/lang/String;Z)Ljava/lang/Class;' in 'jdk/internal/loader/BuiltinClassLoader')}
  0x0000019123663dec: 48be 30f3 | 0a80 9101 | 0000 8bbe | cc00 0000 | 83c7 0289 | becc 0000 | 0081 e7fe | 0700 0083 
  0x0000019123663e0c: ff00 0f84 | 9201 0000 

  0x0000019123663e14: ;   {metadata(method data for {method} {0x000001913f07ec48} 'loadClass' '(Ljava/lang/String;Z)Ljava/lang/Class;' in 'jdk/internal/loader/BuiltinClassLoader')}
  0x0000019123663e14: 488b f248 | bf30 f30a | 8091 0100 | 008b 7608 | 49ba 0000 | 003f 9101 | 0000 4903 | f248 3bb7 
  0x0000019123663e34: 2001 0000 | 750d 4883 | 8728 0100 | 0001 e966 | 0000 0048 | 3bb7 3001 | 0000 750d | 4883 8738 
  0x0000019123663e54: 0100 0001 | e950 0000 | 0048 81bf | 2001 0000 | 0000 0000 | 7517 4889 | b720 0100 | 0048 c787 
  0x0000019123663e74: 2801 0000 | 0100 0000 | e92c 0000 | 0048 81bf | 3001 0000 | 0000 0000 | 7517 4889 | b730 0100 
  0x0000019123663e94: 0048 c787 | 3801 0000 | 0100 0000 | e908 0000 | 0048 8387 | 1001 0000 | 0149 8bf0 | 4c8b c648 
  0x0000019123663eb4: 8974 2420 | 0f1f 4400 | 0048 b8ff | ffff ffff 

  0x0000019123663ec4: ;   {virtual_call}
  0x0000019123663ec4: ffff ffe8 

  0x0000019123663ec8: ; ImmutableOopMap {[32]=Oop }
                      ;*invokevirtual loadClassOrNull {reexecute=0 rethrow=0 return_oop=0}
                      ; - jdk.internal.loader.BuiltinClassLoader::loadClass@3 (line 639)
  0x0000019123663ec8: 94a4 5207 | 4883 f800 

  0x0000019123663ed0: ;   {metadata(method data for {method} {0x000001913f07ec48} 'loadClass' '(Ljava/lang/String;Z)Ljava/lang/Class;' in 'jdk/internal/loader/BuiltinClassLoader')}
  0x0000019123663ed0: 48ba 30f3 | 0a80 9101 | 0000 48be | 5801 0000 | 0000 0000 | 0f84 0a00 | 0000 48be | 4801 0000 
  0x0000019123663ef0: 0000 0000 | 488b 3c32 | 488d 7f01 | 4889 3c32 | 0f84 1300 | 0000 4883 

  0x0000019123663f08: ;   {poll_return}
  0x0000019123663f08: c440 5d49 | 3ba7 5003 | 0000 0f87 | af00 0000 | c34c 8b44 

  0x0000019123663f1c: ;   {metadata('java/lang/ClassNotFoundException')}
  0x0000019123663f1c: 2420 48ba | 0028 023f | 9101 0000 | 498b 8708 | 0100 0048 | 8d78 2849 | 3bbf 1801 | 0000 0f87 
  0x0000019123663f3c: 9d00 0000 | 4989 bf08 | 0100 0048 | c700 0100 | 0000 488b | ca49 ba00 | 0000 3f91 | 0100 0049 
  0x0000019123663f5c: 2bca 8948 | 0848 33c9 | 8948 0c48 | 33c9 4889 | 4810 4889 | 4818 4889 | 4820 488b 

  0x0000019123663f78: ;   {metadata(method data for {method} {0x000001913f07ec48} 'loadClass' '(Ljava/lang/String;Z)Ljava/lang/Class;' in 'jdk/internal/loader/BuiltinClassLoader')}
  0x0000019123663f78: d048 be30 | f30a 8091 | 0100 0048 | 8386 6801 | 0000 0148 | 8bd0 4889 | 4424 280f 

  0x0000019123663f94: ;   {optimized virtual_call}
  0x0000019123663f94: 1f40 00e8 

  0x0000019123663f98: ; ImmutableOopMap {[40]=Oop }
                      ;*invokespecial <init> {reexecute=0 rethrow=0 return_oop=0}
                      ; - jdk.internal.loader.BuiltinClassLoader::loadClass@16 (line 641)
  0x0000019123663f98: 64db 5207 | 488b 4424 | 28e9 6000 

  0x0000019123663fa4: ;   {metadata({method} {0x000001913f07ec48} 'loadClass' '(Ljava/lang/String;Z)Ljava/lang/Class;' in 'jdk/internal/loader/BuiltinClassLoader')}
  0x0000019123663fa4: 0000 49ba | 40ec 073f | 9101 0000 | 4c89 5424 | 0848 c704 | 24ff ffff 

  0x0000019123663fbc: ;   {runtime_call counter_overflow Runtime1 stub}
  0x0000019123663fbc: ffe8 bea9 

  0x0000019123663fc0: ; ImmutableOopMap {rdx=Oop r8=Oop }
                      ;*synchronization entry
                      ; - jdk.internal.loader.BuiltinClassLoader::loadClass@-1 (line 639)
  0x0000019123663fc0: 5d07 e94d 

  0x0000019123663fc4: ;   {internal_word}
  0x0000019123663fc4: feff ff49 | ba0b 3f66 | 2391 0100 | 004d 8997 | 6803 0000 

  0x0000019123663fd8: ;   {runtime_call SafepointBlob}
  0x0000019123663fd8: e9a3 4f53 | 0748 8bd2 

  0x0000019123663fe0: ;   {runtime_call fast_new_instance Runtime1 stub}
  0x0000019123663fe0: e81b 525d 

  0x0000019123663fe4: ; ImmutableOopMap {r8=Oop }
                      ;*new {reexecute=0 rethrow=0 return_oop=0}
                      ; - jdk.internal.loader.BuiltinClassLoader::loadClass@11 (line 641)
  0x0000019123663fe4: 07eb 8f90 | 9049 8b87 | e003 0000 | 49c7 87e0 | 0300 0000 | 0000 0049 | c787 e803 | 0000 0000 
  0x0000019123664004: 0000 4883 

  0x0000019123664008: ;   {runtime_call unwind_exception Runtime1 stub}
  0x0000019123664008: c440 5de9 | f066 5407 | f4f4 f4f4 | f4f4 f4f4 | f4f4 f4f4 | f4f4 f4f4 
[Stub Code]
  0x0000019123664020: ;   {no_reloc}
  0x0000019123664020: 0f1f 4400 

  0x0000019123664024: ;   {static_stub}
  0x0000019123664024: 0048 bb00 | 0000 0000 

  0x000001912366402c: ;   {runtime_call}
  0x000001912366402c: 0000 00e9 | fbff ffff 

  0x0000019123664034: ;   {static_stub}
  0x0000019123664034: 9048 bb00 | 0000 0000 

  0x000001912366403c: ;   {runtime_call}
  0x000001912366403c: 0000 00e9 | fbff ffff 
[Exception Handler]
  0x0000019123664044: ;   {runtime_call handle_exception_from_callee Runtime1 stub}
  0x0000019123664044: e8b7 6c5d 

  0x0000019123664048: ;   {external_word}
  0x0000019123664048: 0748 b940 | bac5 d2fa | 7f00 0048 

  0x0000019123664054: ;   {runtime_call}
  0x0000019123664054: 83e4 f049 | bae0 508e | d2fa 7f00 | 0041 ffd2 

  0x0000019123664064: ;   {section_word}
  0x0000019123664064: f449 ba65 | 4066 2391 | 0100 0041 

  0x0000019123664070: ;   {runtime_call DeoptimizationBlob}
  0x0000019123664070: 52e9 aa63 | 5307 f4f4 
[/MachCode]


Compiled method (c1)    2390  270       3       java.lang.ClassLoader::loadClass (7 bytes)
 total in heap  [0x0000019123663810,0x0000019123663bf0] = 992
 relocation     [0x0000019123663968,0x00000191236639a8] = 64
 main code      [0x00000191236639c0,0x0000019123663b40] = 384
 stub code      [0x0000019123663b40,0x0000019123663b88] = 72
 metadata       [0x0000019123663b88,0x0000019123663b90] = 8
 scopes data    [0x0000019123663b90,0x0000019123663ba8] = 24
 scopes pcs     [0x0000019123663ba8,0x0000019123663be8] = 64
 dependencies   [0x0000019123663be8,0x0000019123663bf0] = 8

[Constant Pool (empty)]

[MachCode]
[Entry Point]
  # {method} {0x000001913f009f30} 'loadClass' '(Ljava/lang/String;)Ljava/lang/Class;' in 'java/lang/ClassLoader'
  # this:     rdx:rdx   = 'java/lang/ClassLoader'
  # parm0:    r8:r8     = 'java/lang/String'
  #           [sp+0x40]  (sp of caller)
  0x00000191236639c0: 448b 5208 | 49bb 0000 | 003f 9101 | 0000 4d03 | d34c 3bd0 

  0x00000191236639d4: ;   {runtime_call ic_miss_stub}
  0x00000191236639d4: 0f85 a6db | 5207 660f | 1f44 0000 
[Verified Entry Point]
  0x00000191236639e0: 8984 2400 | 90ff ff55 | 4883 ec30 

  0x00000191236639ec: ;   {metadata(method data for {method} {0x000001913f009f30} 'loadClass' '(Ljava/lang/String;)Ljava/lang/Class;' in 'java/lang/ClassLoader')}
  0x00000191236639ec: 49b9 a0f1 | 0a80 9101 | 0000 418b | b1cc 0000 | 0083 c602 | 4189 b1cc | 0000 0081 | e6fe 0700 
  0x0000019123663a0c: 0083 fe00 | 0f84 c900 | 0000 4c8b 

  0x0000019123663a18: ;   {metadata(method data for {method} {0x000001913f009f30} 'loadClass' '(Ljava/lang/String;)Ljava/lang/Class;' in 'java/lang/ClassLoader')}
  0x0000019123663a18: ca48 bea0 | f10a 8091 | 0100 0045 | 8b49 0849 | ba00 0000 | 3f91 0100 | 004d 03ca | 4c3b 8e20 
  0x0000019123663a38: 0100 0075 | 0d48 8386 | 2801 0000 | 01e9 6600 | 0000 4c3b | 8e30 0100 | 0075 0d48 | 8386 3801 
  0x0000019123663a58: 0000 01e9 | 5000 0000 | 4881 be20 | 0100 0000 | 0000 0075 | 174c 898e | 2001 0000 | 48c7 8628 
  0x0000019123663a78: 0100 0001 | 0000 00e9 | 2c00 0000 | 4881 be30 | 0100 0000 | 0000 0075 | 174c 898e | 3001 0000 
  0x0000019123663a98: 48c7 8638 | 0100 0001 | 0000 00e9 | 0800 0000 | 4883 8610 | 0100 0001 | 41b9 0000 | 0000 0f1f 
  0x0000019123663ab8: 8000 0000 | 0048 b8ff | ffff ffff 

  0x0000019123663ac4: ;   {virtual_call}
  0x0000019123663ac4: ffff ffe8 

  0x0000019123663ac8: ; ImmutableOopMap {}
                      ;*invokevirtual loadClass {reexecute=0 rethrow=0 return_oop=0}
                      ; - java.lang.ClassLoader::loadClass@3 (line 525)
  0x0000019123663ac8: 54a8 5207 | 4883 c430 

  0x0000019123663ad0: ;   {poll_return}
  0x0000019123663ad0: 5d49 3ba7 | 5003 0000 | 0f87 2200 

  0x0000019123663adc: ;   {metadata({method} {0x000001913f009f30} 'loadClass' '(Ljava/lang/String;)Ljava/lang/Class;' in 'java/lang/ClassLoader')}
  0x0000019123663adc: 0000 c349 | ba28 9f00 | 3f91 0100 | 004c 8954 | 2408 48c7 | 0424 ffff 

  0x0000019123663af4: ;   {runtime_call counter_overflow Runtime1 stub}
  0x0000019123663af4: ffff e885 

  0x0000019123663af8: ; ImmutableOopMap {rdx=Oop r8=Oop }
                      ;*synchronization entry
                      ; - java.lang.ClassLoader::loadClass@-1 (line 525)
  0x0000019123663af8: ae5d 07e9 | 16ff ffff 

  0x0000019123663b00: ;   {internal_word}
  0x0000019123663b00: 49ba d13a | 6623 9101 | 0000 4d89 | 9768 0300 

  0x0000019123663b10: ;   {runtime_call SafepointBlob}
  0x0000019123663b10: 00e9 6a54 | 5307 9090 | 498b 87e0 | 0300 0049 | c787 e003 | 0000 0000 | 0000 49c7 | 87e8 0300 
  0x0000019123663b30: 0000 0000 | 0048 83c4 

  0x0000019123663b38: ;   {runtime_call unwind_exception Runtime1 stub}
  0x0000019123663b38: 305d e9c1 | 6b54 07f4 
[Stub Code]
  0x0000019123663b40: ;   {no_reloc}
  0x0000019123663b40: 0f1f 4400 

  0x0000019123663b44: ;   {static_stub}
  0x0000019123663b44: 0048 bb00 | 0000 0000 

  0x0000019123663b4c: ;   {runtime_call}
  0x0000019123663b4c: 0000 00e9 | fbff ffff 
[Exception Handler]
  0x0000019123663b54: ;   {runtime_call handle_exception_from_callee Runtime1 stub}
  0x0000019123663b54: e8a7 715d 

  0x0000019123663b58: ;   {external_word}
  0x0000019123663b58: 0748 b940 | bac5 d2fa | 7f00 0048 

  0x0000019123663b64: ;   {runtime_call}
  0x0000019123663b64: 83e4 f049 | bae0 508e | d2fa 7f00 | 0041 ffd2 

  0x0000019123663b74: ;   {section_word}
  0x0000019123663b74: f449 ba75 | 3b66 2391 | 0100 0041 

  0x0000019123663b80: ;   {runtime_call DeoptimizationBlob}
  0x0000019123663b80: 52e9 9a68 | 5307 f4f4 
[/MachCode]


---------------  P R O C E S S  ---------------

Threads class SMR info:
_java_thread_list=0x000001913ebc60d0, length=13, elements={
0x000001911baf8f40, 0x000001913ea24a70, 0x000001913ea25540, 0x000001913ea38190,
0x000001913ea3aa70, 0x000001913ea3b430, 0x000001913ea3bdf0, 0x000001913ea3eba0,
0x000001913ea50b90, 0x000001913ea51590, 0x000001913ebbf080, 0x000001913ebc1810,
0x000001913ebcbce0
}

Java Threads: ( => current thread )
=>0x000001911baf8f40 JavaThread "main" [_thread_in_vm, id=3188, stack(0x00000024dd900000,0x00000024dda00000)]
  0x000001913ea24a70 JavaThread "Reference Handler" daemon [_thread_blocked, id=15348, stack(0x00000024de000000,0x00000024de100000)]
  0x000001913ea25540 JavaThread "Finalizer" daemon [_thread_blocked, id=1384, stack(0x00000024de100000,0x00000024de200000)]
  0x000001913ea38190 JavaThread "Signal Dispatcher" daemon [_thread_blocked, id=4492, stack(0x00000024de200000,0x00000024de300000)]
  0x000001913ea3aa70 JavaThread "Attach Listener" daemon [_thread_blocked, id=21572, stack(0x00000024de300000,0x00000024de400000)]
  0x000001913ea3b430 JavaThread "Service Thread" daemon [_thread_blocked, id=22872, stack(0x00000024de400000,0x00000024de500000)]
  0x000001913ea3bdf0 JavaThread "Monitor Deflation Thread" daemon [_thread_blocked, id=2336, stack(0x00000024de500000,0x00000024de600000)]
  0x000001913ea3eba0 JavaThread "C2 CompilerThread0" daemon [_thread_blocked, id=15672, stack(0x00000024de600000,0x00000024de700000)]
  0x000001913ea50b90 JavaThread "C1 CompilerThread0" daemon [_thread_blocked, id=23144, stack(0x00000024de700000,0x00000024de800000)]
  0x000001913ea51590 JavaThread "Sweeper thread" daemon [_thread_blocked, id=19380, stack(0x00000024de800000,0x00000024de900000)]
  0x000001913ebbf080 JavaThread "Notification Thread" daemon [_thread_blocked, id=16772, stack(0x00000024de900000,0x00000024dea00000)]
  0x000001913ebc1810 JavaThread "Common-Cleaner" daemon [_thread_blocked, id=22936, stack(0x00000024deb00000,0x00000024dec00000)]
  0x000001913ebcbce0 JavaThread "C2 CompilerThread1" daemon [_thread_blocked, id=3776, stack(0x00000024dec00000,0x00000024ded00000)]

Other Threads:
  0x000001913e9d7e70 VMThread "VM Thread" [stack: 0x00000024ddf00000,0x00000024de000000] [id=20856] _threads_hazard_ptr=0x000001913ebc60d0
  0x000001913ebbf560 WatcherThread [stack: 0x00000024dea00000,0x00000024deb00000] [id=22168]
  0x000001911bb65540 GCTaskThread "GC Thread#0" [stack: 0x00000024dda00000,0x00000024ddb00000] [id=10576]
  0x000001911bb78560 ConcurrentGCThread "G1 Main Marker" [stack: 0x00000024ddb00000,0x00000024ddc00000] [id=16036]
  0x000001911bb79e30 ConcurrentGCThread "G1 Conc#0" [stack: 0x00000024ddc00000,0x00000024ddd00000] [id=9804]
  0x000001911bbaea00 ConcurrentGCThread "G1 Refine#0" [stack: 0x00000024ddd00000,0x00000024dde00000] [id=13396]
  0x000001913e88bc00 ConcurrentGCThread "G1 Service" [stack: 0x00000024dde00000,0x00000024ddf00000] [id=23528]

Threads with active compile tasks:

VM state: synchronizing (normal execution)

VM Mutex/Monitor currently owned by a thread:  ([mutex/lock_event])
[0x000001911baf2590] Metaspace_lock - owner thread: 0x000001911baf8f40
[0x000001911baf28f0] Threads_lock - owner thread: 0x000001913e9d7e70

Heap address: 0x0000000703a00000, size: 4038 MB, Compressed Oops mode: Zero based, Oop shift amount: 3

CDS archive(s) mapped at: [0x000001913f000000-0x000001913fba0000-0x000001913fba0000), size 12189696, SharedBaseAddress: 0x000001913f000000, ArchiveRelocationMode: 1.
Compressed class space mapped at: 0x0000019140000000-0x0000019180000000, reserved size: 1073741824
Narrow klass base: 0x000001913f000000, Narrow klass shift: 0, Narrow klass range: 0x100000000

GC Precious Log:
 CPUs: 8 total, 8 available
 Memory: 16145M
 Large Page Support: Disabled
 NUMA Support: Disabled
 Compressed Oops: Enabled (Zero based)
 Heap Region Size: 2M
 Heap Min Capacity: 8M
 Heap Initial Capacity: 254M
 Heap Max Capacity: 4038M
 Pre-touch: Disabled
 Parallel Workers: 8
 Concurrent Workers: 2
 Concurrent Refinement Workers: 8
 Periodic GC: Disabled

Heap:
 garbage-first heap   total 260096K, used 8192K [0x0000000703a00000, 0x0000000800000000)
  region size 2048K, 3 young (6144K), 0 survivors (0K)
 Metaspace       used 1500K, committed 1600K, reserved 1114112K
  class space    used 130K, committed 192K, reserved 1048576K

Heap Regions: E=young(eden), S=young(survivor), O=old, HS=humongous(starts), HC=humongous(continues), CS=collection set, F=free, OA=open archive, CA=closed archive, TAMS=top-at-mark-start (previous, next)
|   0|0x0000000703a00000, 0x0000000703c00000, 0x0000000703c00000|100%|HS|  |TAMS 0x0000000703a00000, 0x0000000703a00000| Complete 
|   1|0x0000000703c00000, 0x0000000703e00000, 0x0000000703e00000|100%|HS|  |TAMS 0x0000000703c00000, 0x0000000703c00000| Complete 
|   2|0x0000000703e00000, 0x0000000703e00000, 0x0000000704000000|  0%| F|  |TAMS 0x0000000703e00000, 0x0000000703e00000| Untracked 
|   3|0x0000000704000000, 0x0000000704000000, 0x0000000704200000|  0%| F|  |TAMS 0x0000000704000000, 0x0000000704000000| Untracked 
|   4|0x0000000704200000, 0x0000000704200000, 0x0000000704400000|  0%| F|  |TAMS 0x0000000704200000, 0x0000000704200000| Untracked 
|   5|0x0000000704400000, 0x0000000704400000, 0x0000000704600000|  0%| F|  |TAMS 0x0000000704400000, 0x0000000704400000| Untracked 
|   6|0x0000000704600000, 0x0000000704600000, 0x0000000704800000|  0%| F|  |TAMS 0x0000000704600000, 0x0000000704600000| Untracked 
|   7|0x0000000704800000, 0x0000000704800000, 0x0000000704a00000|  0%| F|  |TAMS 0x0000000704800000, 0x0000000704800000| Untracked 
|   8|0x0000000704a00000, 0x0000000704a00000, 0x0000000704c00000|  0%| F|  |TAMS 0x0000000704a00000, 0x0000000704a00000| Untracked 
|   9|0x0000000704c00000, 0x0000000704c00000, 0x0000000704e00000|  0%| F|  |TAMS 0x0000000704c00000, 0x0000000704c00000| Untracked 
|  10|0x0000000704e00000, 0x0000000704e00000, 0x0000000705000000|  0%| F|  |TAMS 0x0000000704e00000, 0x0000000704e00000| Untracked 
|  11|0x0000000705000000, 0x0000000705000000, 0x0000000705200000|  0%| F|  |TAMS 0x0000000705000000, 0x0000000705000000| Untracked 
|  12|0x0000000705200000, 0x0000000705200000, 0x0000000705400000|  0%| F|  |TAMS 0x0000000705200000, 0x0000000705200000| Untracked 
|  13|0x0000000705400000, 0x0000000705400000, 0x0000000705600000|  0%| F|  |TAMS 0x0000000705400000, 0x0000000705400000| Untracked 
|  14|0x0000000705600000, 0x0000000705600000, 0x0000000705800000|  0%| F|  |TAMS 0x0000000705600000, 0x0000000705600000| Untracked 
|  15|0x0000000705800000, 0x0000000705800000, 0x0000000705a00000|  0%| F|  |TAMS 0x0000000705800000, 0x0000000705800000| Untracked 
|  16|0x0000000705a00000, 0x0000000705a00000, 0x0000000705c00000|  0%| F|  |TAMS 0x0000000705a00000, 0x0000000705a00000| Untracked 
|  17|0x0000000705c00000, 0x0000000705c00000, 0x0000000705e00000|  0%| F|  |TAMS 0x0000000705c00000, 0x0000000705c00000| Untracked 
|  18|0x0000000705e00000, 0x0000000705e00000, 0x0000000706000000|  0%| F|  |TAMS 0x0000000705e00000, 0x0000000705e00000| Untracked 
|  19|0x0000000706000000, 0x0000000706000000, 0x0000000706200000|  0%| F|  |TAMS 0x0000000706000000, 0x0000000706000000| Untracked 
|  20|0x0000000706200000, 0x0000000706200000, 0x0000000706400000|  0%| F|  |TAMS 0x0000000706200000, 0x0000000706200000| Untracked 
|  21|0x0000000706400000, 0x0000000706400000, 0x0000000706600000|  0%| F|  |TAMS 0x0000000706400000, 0x0000000706400000| Untracked 
|  22|0x0000000706600000, 0x0000000706600000, 0x0000000706800000|  0%| F|  |TAMS 0x0000000706600000, 0x0000000706600000| Untracked 
|  23|0x0000000706800000, 0x0000000706800000, 0x0000000706a00000|  0%| F|  |TAMS 0x0000000706800000, 0x0000000706800000| Untracked 
|  24|0x0000000706a00000, 0x0000000706a00000, 0x0000000706c00000|  0%| F|  |TAMS 0x0000000706a00000, 0x0000000706a00000| Untracked 
|  25|0x0000000706c00000, 0x0000000706c00000, 0x0000000706e00000|  0%| F|  |TAMS 0x0000000706c00000, 0x0000000706c00000| Untracked 
|  26|0x0000000706e00000, 0x0000000706e00000, 0x0000000707000000|  0%| F|  |TAMS 0x0000000706e00000, 0x0000000706e00000| Untracked 
|  27|0x0000000707000000, 0x0000000707000000, 0x0000000707200000|  0%| F|  |TAMS 0x0000000707000000, 0x0000000707000000| Untracked 
|  28|0x0000000707200000, 0x0000000707200000, 0x0000000707400000|  0%| F|  |TAMS 0x0000000707200000, 0x0000000707200000| Untracked 
|  29|0x0000000707400000, 0x0000000707400000, 0x0000000707600000|  0%| F|  |TAMS 0x0000000707400000, 0x0000000707400000| Untracked 
|  30|0x0000000707600000, 0x0000000707600000, 0x0000000707800000|  0%| F|  |TAMS 0x0000000707600000, 0x0000000707600000| Untracked 
|  31|0x0000000707800000, 0x0000000707800000, 0x0000000707a00000|  0%| F|  |TAMS 0x0000000707800000, 0x0000000707800000| Untracked 
|  32|0x0000000707a00000, 0x0000000707a00000, 0x0000000707c00000|  0%| F|  |TAMS 0x0000000707a00000, 0x0000000707a00000| Untracked 
|  33|0x0000000707c00000, 0x0000000707c00000, 0x0000000707e00000|  0%| F|  |TAMS 0x0000000707c00000, 0x0000000707c00000| Untracked 
|  34|0x0000000707e00000, 0x0000000707e00000, 0x0000000708000000|  0%| F|  |TAMS 0x0000000707e00000, 0x0000000707e00000| Untracked 
|  35|0x0000000708000000, 0x0000000708000000, 0x0000000708200000|  0%| F|  |TAMS 0x0000000708000000, 0x0000000708000000| Untracked 
|  36|0x0000000708200000, 0x0000000708200000, 0x0000000708400000|  0%| F|  |TAMS 0x0000000708200000, 0x0000000708200000| Untracked 
|  37|0x0000000708400000, 0x0000000708400000, 0x0000000708600000|  0%| F|  |TAMS 0x0000000708400000, 0x0000000708400000| Untracked 
|  38|0x0000000708600000, 0x0000000708600000, 0x0000000708800000|  0%| F|  |TAMS 0x0000000708600000, 0x0000000708600000| Untracked 
|  39|0x0000000708800000, 0x0000000708800000, 0x0000000708a00000|  0%| F|  |TAMS 0x0000000708800000, 0x0000000708800000| Untracked 
|  40|0x0000000708a00000, 0x0000000708a00000, 0x0000000708c00000|  0%| F|  |TAMS 0x0000000708a00000, 0x0000000708a00000| Untracked 
|  41|0x0000000708c00000, 0x0000000708c00000, 0x0000000708e00000|  0%| F|  |TAMS 0x0000000708c00000, 0x0000000708c00000| Untracked 
|  42|0x0000000708e00000, 0x0000000708e00000, 0x0000000709000000|  0%| F|  |TAMS 0x0000000708e00000, 0x0000000708e00000| Untracked 
|  43|0x0000000709000000, 0x0000000709000000, 0x0000000709200000|  0%| F|  |TAMS 0x0000000709000000, 0x0000000709000000| Untracked 
|  44|0x0000000709200000, 0x0000000709200000, 0x0000000709400000|  0%| F|  |TAMS 0x0000000709200000, 0x0000000709200000| Untracked 
|  45|0x0000000709400000, 0x0000000709400000, 0x0000000709600000|  0%| F|  |TAMS 0x0000000709400000, 0x0000000709400000| Untracked 
|  46|0x0000000709600000, 0x0000000709600000, 0x0000000709800000|  0%| F|  |TAMS 0x0000000709600000, 0x0000000709600000| Untracked 
|  47|0x0000000709800000, 0x0000000709800000, 0x0000000709a00000|  0%| F|  |TAMS 0x0000000709800000, 0x0000000709800000| Untracked 
|  48|0x0000000709a00000, 0x0000000709a00000, 0x0000000709c00000|  0%| F|  |TAMS 0x0000000709a00000, 0x0000000709a00000| Untracked 
|  49|0x0000000709c00000, 0x0000000709c00000, 0x0000000709e00000|  0%| F|  |TAMS 0x0000000709c00000, 0x0000000709c00000| Untracked 
|  50|0x0000000709e00000, 0x0000000709e00000, 0x000000070a000000|  0%| F|  |TAMS 0x0000000709e00000, 0x0000000709e00000| Untracked 
|  51|0x000000070a000000, 0x000000070a000000, 0x000000070a200000|  0%| F|  |TAMS 0x000000070a000000, 0x000000070a000000| Untracked 
|  52|0x000000070a200000, 0x000000070a200000, 0x000000070a400000|  0%| F|  |TAMS 0x000000070a200000, 0x000000070a200000| Untracked 
|  53|0x000000070a400000, 0x000000070a400000, 0x000000070a600000|  0%| F|  |TAMS 0x000000070a400000, 0x000000070a400000| Untracked 
|  54|0x000000070a600000, 0x000000070a600000, 0x000000070a800000|  0%| F|  |TAMS 0x000000070a600000, 0x000000070a600000| Untracked 
|  55|0x000000070a800000, 0x000000070a800000, 0x000000070aa00000|  0%| F|  |TAMS 0x000000070a800000, 0x000000070a800000| Untracked 
|  56|0x000000070aa00000, 0x000000070aa00000, 0x000000070ac00000|  0%| F|  |TAMS 0x000000070aa00000, 0x000000070aa00000| Untracked 
|  57|0x000000070ac00000, 0x000000070ac00000, 0x000000070ae00000|  0%| F|  |TAMS 0x000000070ac00000, 0x000000070ac00000| Untracked 
|  58|0x000000070ae00000, 0x000000070ae00000, 0x000000070b000000|  0%| F|  |TAMS 0x000000070ae00000, 0x000000070ae00000| Untracked 
|  59|0x000000070b000000, 0x000000070b000000, 0x000000070b200000|  0%| F|  |TAMS 0x000000070b000000, 0x000000070b000000| Untracked 
|  60|0x000000070b200000, 0x000000070b200000, 0x000000070b400000|  0%| F|  |TAMS 0x000000070b200000, 0x000000070b200000| Untracked 
|  61|0x000000070b400000, 0x000000070b400000, 0x000000070b600000|  0%| F|  |TAMS 0x000000070b400000, 0x000000070b400000| Untracked 
|  62|0x000000070b600000, 0x000000070b600000, 0x000000070b800000|  0%| F|  |TAMS 0x000000070b600000, 0x000000070b600000| Untracked 
|  63|0x000000070b800000, 0x000000070b800000, 0x000000070ba00000|  0%| F|  |TAMS 0x000000070b800000, 0x000000070b800000| Untracked 
|  64|0x000000070ba00000, 0x000000070ba00000, 0x000000070bc00000|  0%| F|  |TAMS 0x000000070ba00000, 0x000000070ba00000| Untracked 
|  65|0x000000070bc00000, 0x000000070bc00000, 0x000000070be00000|  0%| F|  |TAMS 0x000000070bc00000, 0x000000070bc00000| Untracked 
|  66|0x000000070be00000, 0x000000070be00000, 0x000000070c000000|  0%| F|  |TAMS 0x000000070be00000, 0x000000070be00000| Untracked 
|  67|0x000000070c000000, 0x000000070c000000, 0x000000070c200000|  0%| F|  |TAMS 0x000000070c000000, 0x000000070c000000| Untracked 
|  68|0x000000070c200000, 0x000000070c200000, 0x000000070c400000|  0%| F|  |TAMS 0x000000070c200000, 0x000000070c200000| Untracked 
|  69|0x000000070c400000, 0x000000070c400000, 0x000000070c600000|  0%| F|  |TAMS 0x000000070c400000, 0x000000070c400000| Untracked 
|  70|0x000000070c600000, 0x000000070c600000, 0x000000070c800000|  0%| F|  |TAMS 0x000000070c600000, 0x000000070c600000| Untracked 
|  71|0x000000070c800000, 0x000000070c800000, 0x000000070ca00000|  0%| F|  |TAMS 0x000000070c800000, 0x000000070c800000| Untracked 
|  72|0x000000070ca00000, 0x000000070ca00000, 0x000000070cc00000|  0%| F|  |TAMS 0x000000070ca00000, 0x000000070ca00000| Untracked 
|  73|0x000000070cc00000, 0x000000070cc00000, 0x000000070ce00000|  0%| F|  |TAMS 0x000000070cc00000, 0x000000070cc00000| Untracked 
|  74|0x000000070ce00000, 0x000000070ce00000, 0x000000070d000000|  0%| F|  |TAMS 0x000000070ce00000, 0x000000070ce00000| Untracked 
|  75|0x000000070d000000, 0x000000070d000000, 0x000000070d200000|  0%| F|  |TAMS 0x000000070d000000, 0x000000070d000000| Untracked 
|  76|0x000000070d200000, 0x000000070d200000, 0x000000070d400000|  0%| F|  |TAMS 0x000000070d200000, 0x000000070d200000| Untracked 
|  77|0x000000070d400000, 0x000000070d400000, 0x000000070d600000|  0%| F|  |TAMS 0x000000070d400000, 0x000000070d400000| Untracked 
|  78|0x000000070d600000, 0x000000070d600000, 0x000000070d800000|  0%| F|  |TAMS 0x000000070d600000, 0x000000070d600000| Untracked 
|  79|0x000000070d800000, 0x000000070d800000, 0x000000070da00000|  0%| F|  |TAMS 0x000000070d800000, 0x000000070d800000| Untracked 
|  80|0x000000070da00000, 0x000000070da00000, 0x000000070dc00000|  0%| F|  |TAMS 0x000000070da00000, 0x000000070da00000| Untracked 
|  81|0x000000070dc00000, 0x000000070dc00000, 0x000000070de00000|  0%| F|  |TAMS 0x000000070dc00000, 0x000000070dc00000| Untracked 
|  82|0x000000070de00000, 0x000000070de00000, 0x000000070e000000|  0%| F|  |TAMS 0x000000070de00000, 0x000000070de00000| Untracked 
|  83|0x000000070e000000, 0x000000070e000000, 0x000000070e200000|  0%| F|  |TAMS 0x000000070e000000, 0x000000070e000000| Untracked 
|  84|0x000000070e200000, 0x000000070e200000, 0x000000070e400000|  0%| F|  |TAMS 0x000000070e200000, 0x000000070e200000| Untracked 
|  85|0x000000070e400000, 0x000000070e400000, 0x000000070e600000|  0%| F|  |TAMS 0x000000070e400000, 0x000000070e400000| Untracked 
|  86|0x000000070e600000, 0x000000070e600000, 0x000000070e800000|  0%| F|  |TAMS 0x000000070e600000, 0x000000070e600000| Untracked 
|  87|0x000000070e800000, 0x000000070e800000, 0x000000070ea00000|  0%| F|  |TAMS 0x000000070e800000, 0x000000070e800000| Untracked 
|  88|0x000000070ea00000, 0x000000070ea00000, 0x000000070ec00000|  0%| F|  |TAMS 0x000000070ea00000, 0x000000070ea00000| Untracked 
|  89|0x000000070ec00000, 0x000000070ec00000, 0x000000070ee00000|  0%| F|  |TAMS 0x000000070ec00000, 0x000000070ec00000| Untracked 
|  90|0x000000070ee00000, 0x000000070ee00000, 0x000000070f000000|  0%| F|  |TAMS 0x000000070ee00000, 0x000000070ee00000| Untracked 
|  91|0x000000070f000000, 0x000000070f000000, 0x000000070f200000|  0%| F|  |TAMS 0x000000070f000000, 0x000000070f000000| Untracked 
|  92|0x000000070f200000, 0x000000070f200000, 0x000000070f400000|  0%| F|  |TAMS 0x000000070f200000, 0x000000070f200000| Untracked 
|  93|0x000000070f400000, 0x000000070f400000, 0x000000070f600000|  0%| F|  |TAMS 0x000000070f400000, 0x000000070f400000| Untracked 
|  94|0x000000070f600000, 0x000000070f600000, 0x000000070f800000|  0%| F|  |TAMS 0x000000070f600000, 0x000000070f600000| Untracked 
|  95|0x000000070f800000, 0x000000070f800000, 0x000000070fa00000|  0%| F|  |TAMS 0x000000070f800000, 0x000000070f800000| Untracked 
|  96|0x000000070fa00000, 0x000000070fa00000, 0x000000070fc00000|  0%| F|  |TAMS 0x000000070fa00000, 0x000000070fa00000| Untracked 
|  97|0x000000070fc00000, 0x000000070fc00000, 0x000000070fe00000|  0%| F|  |TAMS 0x000000070fc00000, 0x000000070fc00000| Untracked 
|  98|0x000000070fe00000, 0x000000070fe00000, 0x0000000710000000|  0%| F|  |TAMS 0x000000070fe00000, 0x000000070fe00000| Untracked 
|  99|0x0000000710000000, 0x0000000710000000, 0x0000000710200000|  0%| F|  |TAMS 0x0000000710000000, 0x0000000710000000| Untracked 
| 100|0x0000000710200000, 0x0000000710200000, 0x0000000710400000|  0%| F|  |TAMS 0x0000000710200000, 0x0000000710200000| Untracked 
| 101|0x0000000710400000, 0x0000000710400000, 0x0000000710600000|  0%| F|  |TAMS 0x0000000710400000, 0x0000000710400000| Untracked 
| 102|0x0000000710600000, 0x0000000710600000, 0x0000000710800000|  0%| F|  |TAMS 0x0000000710600000, 0x0000000710600000| Untracked 
| 103|0x0000000710800000, 0x0000000710800000, 0x0000000710a00000|  0%| F|  |TAMS 0x0000000710800000, 0x0000000710800000| Untracked 
| 104|0x0000000710a00000, 0x0000000710a00000, 0x0000000710c00000|  0%| F|  |TAMS 0x0000000710a00000, 0x0000000710a00000| Untracked 
| 105|0x0000000710c00000, 0x0000000710c00000, 0x0000000710e00000|  0%| F|  |TAMS 0x0000000710c00000, 0x0000000710c00000| Untracked 
| 106|0x0000000710e00000, 0x0000000710e00000, 0x0000000711000000|  0%| F|  |TAMS 0x0000000710e00000, 0x0000000710e00000| Untracked 
| 107|0x0000000711000000, 0x0000000711000000, 0x0000000711200000|  0%| F|  |TAMS 0x0000000711000000, 0x0000000711000000| Untracked 
| 108|0x0000000711200000, 0x0000000711200000, 0x0000000711400000|  0%| F|  |TAMS 0x0000000711200000, 0x0000000711200000| Untracked 
| 109|0x0000000711400000, 0x0000000711400000, 0x0000000711600000|  0%| F|  |TAMS 0x0000000711400000, 0x0000000711400000| Untracked 
| 110|0x0000000711600000, 0x0000000711600000, 0x0000000711800000|  0%| F|  |TAMS 0x0000000711600000, 0x0000000711600000| Untracked 
| 111|0x0000000711800000, 0x0000000711800000, 0x0000000711a00000|  0%| F|  |TAMS 0x0000000711800000, 0x0000000711800000| Untracked 
| 112|0x0000000711a00000, 0x0000000711a00000, 0x0000000711c00000|  0%| F|  |TAMS 0x0000000711a00000, 0x0000000711a00000| Untracked 
| 113|0x0000000711c00000, 0x0000000711c00000, 0x0000000711e00000|  0%| F|  |TAMS 0x0000000711c00000, 0x0000000711c00000| Untracked 
| 114|0x0000000711e00000, 0x0000000711e00000, 0x0000000712000000|  0%| F|  |TAMS 0x0000000711e00000, 0x0000000711e00000| Untracked 
| 115|0x0000000712000000, 0x0000000712000000, 0x0000000712200000|  0%| F|  |TAMS 0x0000000712000000, 0x0000000712000000| Untracked 
| 116|0x0000000712200000, 0x0000000712200000, 0x0000000712400000|  0%| F|  |TAMS 0x0000000712200000, 0x0000000712200000| Untracked 
| 117|0x0000000712400000, 0x0000000712400000, 0x0000000712600000|  0%| F|  |TAMS 0x0000000712400000, 0x0000000712400000| Untracked 
| 118|0x0000000712600000, 0x0000000712600000, 0x0000000712800000|  0%| F|  |TAMS 0x0000000712600000, 0x0000000712600000| Untracked 
| 119|0x0000000712800000, 0x0000000712800000, 0x0000000712a00000|  0%| F|  |TAMS 0x0000000712800000, 0x0000000712800000| Untracked 
| 120|0x0000000712a00000, 0x0000000712a00000, 0x0000000712c00000|  0%| F|  |TAMS 0x0000000712a00000, 0x0000000712a00000| Untracked 
| 121|0x0000000712c00000, 0x0000000712c00000, 0x0000000712e00000|  0%| F|  |TAMS 0x0000000712c00000, 0x0000000712c00000| Untracked 
| 122|0x0000000712e00000, 0x0000000712e00000, 0x0000000713000000|  0%| F|  |TAMS 0x0000000712e00000, 0x0000000712e00000| Untracked 
| 123|0x0000000713000000, 0x0000000713000000, 0x0000000713200000|  0%| F|  |TAMS 0x0000000713000000, 0x0000000713000000| Untracked 
| 124|0x0000000713200000, 0x0000000713271290, 0x0000000713400000| 22%| E|  |TAMS 0x0000000713200000, 0x0000000713200000| Complete 
| 125|0x0000000713400000, 0x0000000713600000, 0x0000000713600000|100%| E|CS|TAMS 0x0000000713400000, 0x0000000713400000| Complete 
| 126|0x0000000713600000, 0x0000000713800000, 0x0000000713800000|100%| E|CS|TAMS 0x0000000713600000, 0x0000000713600000| Complete 

Card table byte_map: [0x0000019133140000,0x0000019133930000] _byte_map_base: 0x000001912f923000

Marking Bits (Prev, Next): (CMBitMap*) 0x000001911bb66b70, (CMBitMap*) 0x000001911bb66bb0
 Prev Bits: [0x0000019134120000, 0x0000019138038000)
 Next Bits: [0x0000019138040000, 0x000001913bf58000)

Polling page: 0x0000019119a00000

Metaspace:

Usage:
  Non-class:      1.34 MB used.
      Class:    130.56 KB used.
       Both:      1.47 MB used.

Virtual space:
  Non-class space:       64.00 MB reserved,       1.38 MB (  2%) committed,  1 nodes.
      Class space:        1.00 GB reserved,     192.00 KB ( <1%) committed,  1 nodes.
             Both:        1.06 GB reserved,       1.56 MB ( <1%) committed. 

Chunk freelists:
   Non-Class:  11.33 MB
       Class:  15.66 MB
        Both:  26.99 MB

MaxMetaspaceSize: unlimited
CompressedClassSpaceSize: 1.00 GB
Initial GC threshold: 21.00 MB
Current GC threshold: 21.00 MB
CDS: on
MetaspaceReclaimPolicy: balanced
 - commit_granule_bytes: 65536.
 - commit_granule_words: 8192.
 - virtual_space_node_default_size: 8388608.
 - enlarge_chunks_in_place: 1.
 - new_chunks_are_fully_committed: 0.
 - uncommit_free_chunks: 1.
 - use_allocation_guard: 0.
 - handle_deallocations: 1.


Internal statistics:

num_allocs_failed_limit: 0.
num_arena_births: 10.
num_arena_deaths: 0.
num_vsnodes_births: 2.
num_vsnodes_deaths: 0.
num_space_committed: 25.
num_space_uncommitted: 0.
num_chunks_returned_to_freelist: 0.
num_chunks_taken_from_freelist: 48.
num_chunk_merges: 0.
num_chunk_splits: 36.
num_chunks_enlarged: 30.
num_inconsistent_stats: 0.

CodeHeap 'non-profiled nmethods': size=120000Kb used=90Kb max_used=90Kb free=119909Kb
 bounds [0x000001912b0e0000, 0x000001912b350000, 0x0000019132610000]
CodeHeap 'profiled nmethods': size=120000Kb used=336Kb max_used=336Kb free=119663Kb
 bounds [0x0000019123610000, 0x0000019123880000, 0x000001912ab40000]
CodeHeap 'non-nmethods': size=5760Kb used=1129Kb max_used=1131Kb free=4630Kb
 bounds [0x000001912ab40000, 0x000001912adb0000, 0x000001912b0e0000]
 total_blobs=667 nmethods=271 adapters=309
 compilation: enabled
              stopped_count=0, restarted_count=0
 full_count=0

Compilation events (20 events):
Event: 0.306 Thread 0x000001913ea50b90  259       3       java.util.Map::entry (10 bytes)
Event: 0.306 Thread 0x000001913ea50b90 nmethod 259 0x0000019123660990 code [0x0000019123660b80, 0x0000019123661118]
Event: 0.306 Thread 0x000001913ea50b90  257       3       java.lang.invoke.MemberName::testAllFlags (7 bytes)
Event: 0.306 Thread 0x000001913ea50b90 nmethod 257 0x0000019123661310 code [0x00000191236614a0, 0x0000019123661678]
Event: 0.307 Thread 0x000001913ea50b90  261       3       java.lang.Class::getClassLoader (28 bytes)
Event: 0.307 Thread 0x000001913ea50b90 nmethod 261 0x0000019123661710 code [0x0000019123661960, 0x00000191236623b8]
Event: 0.307 Thread 0x000001913ea50b90  262       3       java.lang.ref.WeakReference::<init> (7 bytes)
Event: 0.307 Thread 0x000001913ea50b90 nmethod 262 0x0000019123662710 code [0x00000191236628c0, 0x0000019123662bb8]
Event: 0.307 Thread 0x000001913ea50b90  267       3       java.lang.invoke.MethodType::parameterType (7 bytes)
Event: 0.307 Thread 0x000001913ea50b90 nmethod 267 0x0000019123662c90 code [0x0000019123662e20, 0x0000019123662f58]
Event: 0.307 Thread 0x000001913ea50b90  263       1       java.lang.invoke.MethodType$ConcurrentWeakInternSet$WeakEntry::hashCode (5 bytes)
Event: 0.307 Thread 0x000001913ea50b90 nmethod 263 0x000001912b0f6710 code [0x000001912b0f68a0, 0x000001912b0f6978]
Event: 0.307 Thread 0x000001913ea50b90  268       3       java.util.regex.Pattern::has (15 bytes)
Event: 0.308 Thread 0x000001913ea50b90 nmethod 268 0x0000019123663010 code [0x00000191236631a0, 0x0000019123663318]
Event: 0.308 Thread 0x000001913ea50b90  269       3       java.util.ImmutableCollections$AbstractImmutableCollection::<init> (5 bytes)
Event: 0.308 Thread 0x000001913ea50b90 nmethod 269 0x0000019123663390 code [0x0000019123663540, 0x00000191236636f8]
Event: 0.309 Thread 0x000001913ea50b90  270       3       java.lang.ClassLoader::loadClass (7 bytes)
Event: 0.309 Thread 0x000001913ea50b90 nmethod 270 0x0000019123663810 code [0x00000191236639c0, 0x0000019123663b88]
Event: 0.309 Thread 0x000001913ea50b90  271       3       jdk.internal.loader.BuiltinClassLoader::loadClass (22 bytes)
Event: 0.309 Thread 0x000001913ea50b90 nmethod 271 0x0000019123663c10 code [0x0000019123663dc0, 0x0000019123664078]

GC Heap History (0 events):
No events

Dll operation events (7 events):
Event: 0.048 Loaded shared library C:\Users\fiete\jdk\jdk-17.0.9+8\bin\java.dll
Event: 0.114 Loaded shared library C:\Users\fiete\jdk\jdk-17.0.9+8\bin\jsvml.dll
Event: 0.147 Loaded shared library C:\Users\fiete\jdk\jdk-17.0.9+8\bin\net.dll
Event: 0.153 Loaded shared library C:\Users\fiete\jdk\jdk-17.0.9+8\bin\nio.dll
Event: 0.169 Loaded shared library C:\Users\fiete\jdk\jdk-17.0.9+8\bin\zip.dll
Event: 0.188 Loaded shared library C:\Users\fiete\jdk\jdk-17.0.9+8\bin\verify.dll
Event: 0.197 Loaded shared library C:\Users\fiete\jdk\jdk-17.0.9+8\bin\jimage.dll

Deoptimization events (20 events):
Event: 0.175 Thread 0x000001911baf8f40 DEOPT PACKING pc=0x000001912361fe8c sp=0x00000024dd9fddd0
Event: 0.175 Thread 0x000001911baf8f40 DEOPT UNPACKING pc=0x000001912ab9ace3 sp=0x00000024dd9fd260 mode 0
Event: 0.175 Thread 0x000001911baf8f40 DEOPT PACKING pc=0x000001912361fe8c sp=0x00000024dd9fddd0
Event: 0.175 Thread 0x000001911baf8f40 DEOPT UNPACKING pc=0x000001912ab9ace3 sp=0x00000024dd9fd260 mode 0
Event: 0.175 Thread 0x000001911baf8f40 DEOPT PACKING pc=0x000001912361fe8c sp=0x00000024dd9fddd0
Event: 0.175 Thread 0x000001911baf8f40 DEOPT UNPACKING pc=0x000001912ab9ace3 sp=0x00000024dd9fd260 mode 0
Event: 0.175 Thread 0x000001911baf8f40 DEOPT PACKING pc=0x000001912361fe8c sp=0x00000024dd9fddd0
Event: 0.175 Thread 0x000001911baf8f40 DEOPT UNPACKING pc=0x000001912ab9ace3 sp=0x00000024dd9fd260 mode 0
Event: 0.175 Thread 0x000001911baf8f40 DEOPT PACKING pc=0x000001912361fe8c sp=0x00000024dd9fddd0
Event: 0.175 Thread 0x000001911baf8f40 DEOPT UNPACKING pc=0x000001912ab9ace3 sp=0x00000024dd9fd260 mode 0
Event: 0.175 Thread 0x000001911baf8f40 DEOPT PACKING pc=0x000001912361fe8c sp=0x00000024dd9fddd0
Event: 0.175 Thread 0x000001911baf8f40 DEOPT UNPACKING pc=0x000001912ab9ace3 sp=0x00000024dd9fd260 mode 0
Event: 0.175 Thread 0x000001911baf8f40 DEOPT PACKING pc=0x000001912361fe8c sp=0x00000024dd9fddd0
Event: 0.175 Thread 0x000001911baf8f40 DEOPT UNPACKING pc=0x000001912ab9ace3 sp=0x00000024dd9fd260 mode 0
Event: 0.175 Thread 0x000001911baf8f40 DEOPT PACKING pc=0x000001912361fe8c sp=0x00000024dd9fddd0
Event: 0.175 Thread 0x000001911baf8f40 DEOPT UNPACKING pc=0x000001912ab9ace3 sp=0x00000024dd9fd260 mode 0
Event: 0.175 Thread 0x000001911baf8f40 DEOPT PACKING pc=0x000001912361fe8c sp=0x00000024dd9fddd0
Event: 0.175 Thread 0x000001911baf8f40 DEOPT UNPACKING pc=0x000001912ab9ace3 sp=0x00000024dd9fd260 mode 0
Event: 0.175 Thread 0x000001911baf8f40 DEOPT PACKING pc=0x000001912361fe8c sp=0x00000024dd9fddd0
Event: 0.175 Thread 0x000001911baf8f40 DEOPT UNPACKING pc=0x000001912ab9ace3 sp=0x00000024dd9fd260 mode 0

Classes unloaded (0 events):
No events

Classes redefined (0 events):
No events

Internal exceptions (1 events):
Event: 0.208 Thread 0x000001911baf8f40 Exception <a 'java/lang/NoClassDefFoundError'{0x0000000713430780}: org/apache/log4j/Priority> (0x0000000713430780) 
thrown [s\src\hotspot\share\classfile\systemDictionary.cpp, line 245]

VM Operations (3 events):
Event: 0.169 Executing VM operation: HandshakeAllThreads
Event: 0.169 Executing VM operation: HandshakeAllThreads done
Event: 1.180 Executing VM operation: Cleanup

Events (20 events):
Event: 0.303 loading class java/time/Month done
Event: 0.303 loading class java/time/DayOfWeek
Event: 0.303 loading class java/time/DayOfWeek done
Event: 0.303 loading class java/time/OffsetTime
Event: 0.304 loading class java/time/OffsetTime done
Event: 0.304 loading class java/time/chrono/Era
Event: 0.304 loading class java/time/chrono/Era done
Event: 0.304 loading class java/time/chrono/IsoEra
Event: 0.304 loading class java/time/chrono/IsoEra done
Event: 0.304 loading class java/time/MonthDay
Event: 0.305 loading class java/time/MonthDay done
Event: 0.306 loading class java/io/ObjectOutput
Event: 0.306 loading class java/io/ObjectOutput done
Event: 0.308 loading class java/time/Year
Event: 0.308 loading class java/time/Year done
Event: 0.308 loading class java/time/YearMonth
Event: 0.308 loading class java/time/YearMonth done
Event: 0.310 loading class java/util/NoSuchElementException
Event: 0.310 loading class java/util/NoSuchElementException done
Event: 0.311 loading class java/lang/NumberFormatException


Dynamic libraries:
0x00007ff6a36d0000 - 0x00007ff6a36de000 	C:\Users\fiete\jdk\jdk-17.0.9+8\bin\java.exe
0x00007ffb98520000 - 0x00007ffb98788000 	C:\WINDOWS\SYSTEM32\ntdll.dll
0x00007ffb96360000 - 0x00007ffb96429000 	C:\WINDOWS\System32\KERNEL32.DLL
0x00007ffb95940000 - 0x00007ffb95d38000 	C:\WINDOWS\System32\KERNELBASE.dll
0x00007ffb95670000 - 0x00007ffb957bb000 	C:\WINDOWS\System32\ucrtbase.dll
0x00007ffb77420000 - 0x00007ffb77437000 	C:\Users\fiete\jdk\jdk-17.0.9+8\bin\jli.dll
0x00007ffb97c40000 - 0x00007ffb97e07000 	C:\WINDOWS\System32\USER32.dll
0x00007ffb71500000 - 0x00007ffb7151b000 	C:\Users\fiete\jdk\jdk-17.0.9+8\bin\VCRUNTIME140.dll
0x00007ffb96290000 - 0x00007ffb962b7000 	C:\WINDOWS\System32\win32u.dll
0x00007ffb982d0000 - 0x00007ffb982fb000 	C:\WINDOWS\System32\GDI32.dll
0x00007ffb95e80000 - 0x00007ffb95fac000 	C:\WINDOWS\System32\gdi32full.dll
0x00007ffb95dd0000 - 0x00007ffb95e73000 	C:\WINDOWS\System32\msvcp_win.dll
0x00007ffb72250000 - 0x00007ffb724e4000 	C:\WINDOWS\WinSxS\amd64_microsoft.windows.common-controls_6595b64144ccf1df_6.0.26100.7019_none_3e06ffa0e335b8a8\COMCTL32.dll
0x00007ffb96ce0000 - 0x00007ffb96d89000 	C:\WINDOWS\System32\msvcrt.dll
0x00007ffb96ca0000 - 0x00007ffb96cd1000 	C:\WINDOWS\System32\IMM32.DLL
0x00007ffb75aa0000 - 0x00007ffb75aac000 	C:\Users\fiete\jdk\jdk-17.0.9+8\bin\vcruntime140_1.dll
0x00007ffb0a7e0000 - 0x00007ffb0a86d000 	C:\Users\fiete\jdk\jdk-17.0.9+8\bin\msvcp140.dll
0x00007ffad2330000 - 0x00007ffad2f93000 	C:\Users\fiete\jdk\jdk-17.0.9+8\bin\server\jvm.dll
0x00007ffb96d90000 - 0x00007ffb96e44000 	C:\WINDOWS\System32\ADVAPI32.dll
0x00007ffb97520000 - 0x00007ffb975c6000 	C:\WINDOWS\System32\sechost.dll
0x00007ffb971f0000 - 0x00007ffb97308000 	C:\WINDOWS\System32\RPCRT4.dll
0x00007ffb7a340000 - 0x00007ffb7a375000 	C:\WINDOWS\SYSTEM32\WINMM.dll
0x00007ffb954d0000 - 0x00007ffb9552e000 	C:\WINDOWS\SYSTEM32\POWRPROF.dll
0x00007ffb740b0000 - 0x00007ffb740ba000 	C:\WINDOWS\SYSTEM32\WSOCK32.dll
0x00007ffb82780000 - 0x00007ffb8278b000 	C:\WINDOWS\SYSTEM32\VERSION.dll
0x00007ffb97bc0000 - 0x00007ffb97c34000 	C:\WINDOWS\System32\WS2_32.dll
0x00007ffb954b0000 - 0x00007ffb954c4000 	C:\WINDOWS\SYSTEM32\UMPDC.dll
0x00007ffb94430000 - 0x00007ffb9444b000 	C:\WINDOWS\SYSTEM32\kernel.appcore.dll
0x00007ffb75a40000 - 0x00007ffb75a4a000 	C:\Users\fiete\jdk\jdk-17.0.9+8\bin\jimage.dll
0x00007ffb92a60000 - 0x00007ffb92ca2000 	C:\WINDOWS\SYSTEM32\DBGHELP.DLL
0x00007ffb96e50000 - 0x00007ffb971db000 	C:\WINDOWS\System32\combase.dll
0x00007ffb97ae0000 - 0x00007ffb97bb7000 	C:\WINDOWS\System32\OLEAUT32.dll
0x00007ffb7a730000 - 0x00007ffb7a76c000 	C:\WINDOWS\SYSTEM32\dbgcore.DLL
0x00007ffb961e0000 - 0x00007ffb96285000 	C:\WINDOWS\System32\bcryptPrimitives.dll
0x00007ffb714d0000 - 0x00007ffb714f5000 	C:\Users\fiete\jdk\jdk-17.0.9+8\bin\java.dll
0x00007ffb0a2e0000 - 0x00007ffb0a3b7000 	C:\Users\fiete\jdk\jdk-17.0.9+8\bin\jsvml.dll
0x00007ffb96430000 - 0x00007ffb96b7f000 	C:\WINDOWS\System32\SHELL32.dll
0x00007ffb96070000 - 0x00007ffb961db000 	C:\WINDOWS\System32\wintypes.dll
0x00007ffb93290000 - 0x00007ffb93aed000 	C:\WINDOWS\SYSTEM32\windows.storage.dll
0x00007ffb97e10000 - 0x00007ffb97f02000 	C:\WINDOWS\System32\SHCORE.dll
0x00007ffb97f10000 - 0x00007ffb97f77000 	C:\WINDOWS\System32\shlwapi.dll
0x00007ffb95590000 - 0x00007ffb955b9000 	C:\WINDOWS\SYSTEM32\profapi.dll
0x00007ffb6a0f0000 - 0x00007ffb6a109000 	C:\Users\fiete\jdk\jdk-17.0.9+8\bin\net.dll
0x00007ffb88120000 - 0x00007ffb88248000 	C:\WINDOWS\SYSTEM32\WINHTTP.dll
0x00007ffb949a0000 - 0x00007ffb94a0b000 	C:\WINDOWS\system32\mswsock.dll
0x00007ffb6a0d0000 - 0x00007ffb6a0e6000 	C:\Users\fiete\jdk\jdk-17.0.9+8\bin\nio.dll
0x00007ffb5b000000 - 0x00007ffb5b018000 	C:\Users\fiete\jdk\jdk-17.0.9+8\bin\zip.dll
0x00007ffb72030000 - 0x00007ffb72040000 	C:\Users\fiete\jdk\jdk-17.0.9+8\bin\verify.dll

dbghelp: loaded successfully - version: 4.0.5 - missing functions: none
symbol engine: initialized successfully - sym options: 0x614 - pdb path: .;C:\Users\fiete\jdk\jdk-17.0.9+8\bin;C:\WINDOWS\SYSTEM32;C:\WINDOWS\WinSxS\amd64_microsoft.windows.common-controls_6595b64144ccf1df_6.0.26100.7019_none_3e06ffa0e335b8a8;C:\Users\fiete\jdk\jdk-17.0.9+8\bin\server

VM Arguments:
java_command: checkstyle-11.0.0-all.jar -c checkstyle.xml -f plain src/main/java src/test/java
java_class_path (initial): checkstyle-11.0.0-all.jar
Launcher Type: SUN_STANDARD

[Global flags]
     intx CICompilerCount                          = 4                                         {product} {ergonomic}
     uint ConcGCThreads                            = 2                                         {product} {ergonomic}
     uint G1ConcRefinementThreads                  = 8                                         {product} {ergonomic}
   size_t G1HeapRegionSize                         = 2097152                                   {product} {ergonomic}
    uintx GCDrainStackTargetSize                   = 64                                        {product} {ergonomic}
   size_t InitialHeapSize                          = 266338304                                 {product} {ergonomic}
   size_t MarkStackSize                            = 4194304                                   {product} {ergonomic}
   size_t MaxHeapSize                              = 4234149888                                {product} {ergonomic}
   size_t MaxNewSize                               = 2539651072                                {product} {ergonomic}
   size_t MinHeapDeltaBytes                        = 2097152                                   {product} {ergonomic}
   size_t MinHeapSize                              = 8388608                                   {product} {ergonomic}
    uintx NonNMethodCodeHeapSize                   = 5839372                                {pd product} {ergonomic}
    uintx NonProfiledCodeHeapSize                  = 122909434                              {pd product} {ergonomic}
    uintx ProfiledCodeHeapSize                     = 122909434                              {pd product} {ergonomic}
    uintx ReservedCodeCacheSize                    = 251658240                              {pd product} {ergonomic}
     bool SegmentedCodeCache                       = true                                      {product} {ergonomic}
   size_t SoftMaxHeapSize                          = 4234149888                             {manageable} {ergonomic}
     bool UseCompressedClassPointers               = true                           {product lp64_product} {ergonomic}
     bool UseCompressedOops                        = true                           {product lp64_product} {ergonomic}
     bool UseG1GC                                  = true                                      {product} {ergonomic}
     bool UseLargePagesIndividualAllocation        = false                                  {pd product} {ergonomic}

Logging:
Log output configuration:
 #0: stdout all=warning uptime,level,tags
 #1: stderr all=off uptime,level,tags

Environment Variables:
JAVA_HOME=C:\Users\fiete\jdk\jdk-17.0.9+8
PATH=C:\Program Files\Microsoft SDKs\Azure\CLI2\wbin;C:\WINDOWS\system32;C:\WINDOWS;C:\WINDOWS\System32\Wbem;C:\WINDOWS\System32\WindowsPowerShell\v1.0\;C:\WINDOWS\System32\OpenSSH\;C:\Strawberry\c\bin;C:\Strawberry\perl\site\bin;C:\Strawberry\perl\bin;C:\ProgramData\chocolatey\bin;C:\Program Files\dotnet\;C:\Program Files\CMake\bin;C:\Program Files\Git\cmd;C:\Program Files (x86)\Gpg4win\..\GnuPG\bin;C:\Users\fiete\jdk\jdk-17.0.9+8\bin;C:\Program Files\PuTTY\;C:\Program Files (x86)\Windows Kits\10\Windows Performance Toolkit\;C:\Program Files\Docker\Docker\resources\bin;C:\Program Files\Go\bin;C:\Program Files\Calibre2\;C:\Program Files\nodejs\;C:\Program Files\Microsoft SQL Server\110\Tools\Binn\;C:\Program Files\Microsoft SQL Server\120\Tools\Binn\;C:\WINDOWS\system32;C:\WINDOWS;C:\WINDOWS\System32\Wbem;C:\WINDOWS\System32\WindowsPowerShell\v1.0\;C:\WINDOWS\System32\OpenSSH\;C:\Program Files\Graphviz\bin;C:\Program Files\PowerShell\7\;C:\Users\fiete\AppData\Local\Programs\Python\Python313\Scripts\;C:\Users\fiete\AppData\Local\Programs\Python\Python313\;C:\Users\fiete\.cargo\bin;C:\Users\fiete\AppData\Local\Microsoft\WindowsApps;C:\Users\fiete\AppData\Local\Programs\Microsoft VS Code\bin;C:\Users\fiete\Documents\Projekte\gamedev\OgreTest\ogre-sdk-v13.6.4-msvc141-x64\bin;C:\Users\fiete\AppData\Local\bin\NASM;C:\Program Files\JetBrains\IntelliJ IDEA 2025.2.4\bin;C:\Users\fiete\go\bin;C:\Program Files\Neovim\bin;C:\Users\fiete\AppData\Local\Programs\nu\bin\;C:\msys64\usr\bin;C:\Users\fiete\.dotnet\tools;C:\Users\fiete\AppData\Local\Microsoft\WinGet\Links;C:\Users\fiete\AppData\Local\Pandoc\;C:\Users\fiete\AppData\Local\Programs\MiKTeX\miktex\bin\x64\;C:\Users\fiete\AppData\Roaming\npm;C:\Users\fiete\.bun\bin;
USERNAME=fiete
OS=Windows_NT
PROCESSOR_IDENTIFIER=Intel64 Family 6 Model 140 Stepping 1, GenuineIntel
TMP=C:\Users\fiete\AppData\Local\Temp
TEMP=C:\Users\fiete\AppData\Local\Temp



Periodic native trim disabled


---------------  S Y S T E M  ---------------

OS:
 Windows 11 , 64 bit Build 26100 (10.0.26100.7019)
OS uptime: 1 days 9:57 hours
Hyper-V role detected

CPU: total 8 (initial active 8) (4 cores per cpu, 2 threads per core) family 6 model 140 stepping 1 microcode 0xa4, cx8, cmov, fxsr, ht, mmx, 3dnowpref, sse, sse2, sse3, ssse3, sse4.1, sse4.2, popcnt, lzcnt, tsc, tscinvbit, avx, avx2, aes, erms, clmul, bmi1, bmi2, adx, avx512f, avx512dq, avx512cd, avx512bw, avx512vl, sha, fma, vzeroupper, avx512_vpopcntdq, avx512_vpclmulqdq, avx512_vaes, avx512_vnni, clflush, clflushopt, clwb, avx512_vbmi2, avx512_vbmi, hv
Processor Information for all 8 processors :
  Max Mhz: 2419, Current Mhz: 2419, Mhz Limit: 2419

Memory: 4k page, system-wide physical 16145M (2042M free)
TotalPageFile size 24145M (AvailPageFile size 11M)
current process WorkingSet (physical memory assigned to process): 46M, peak: 46M
current process commit charge ("private bytes"): 344M, peak: 344M

vm_info: OpenJDK 64-Bit Server VM (17.0.9+8-LTS) for windows-amd64 JRE (17.0.9+8-LTS), built on Oct 17 2023 23:00:06 by "MicrosoftCorporation" with MS VC++ 16.10 / 16.11 (VS2019)

END.
