#
# There is insufficient memory for the Java Runtime Environment to continue.
# Native memory allocation (malloc) failed to allocate 1847536 bytes for Chunk::new
# Possible reasons:
#   The system is out of physical RAM or swap space
#   The process is running with CompressedOops enabled, and the Java Heap may be blocking the growth of the native heap
# Possible solutions:
#   Reduce memory load on the system
#   Increase physical memory or swap space
#   Check if swap backing store is full
#   Decrease Java heap size (-Xmx/-Xms)
#   Decrease number of Java threads
#   Decrease Java thread stack sizes (-Xss)
#   Set larger code cache with -XX:ReservedCodeCacheSize=
#   JVM is running with Zero Based Compressed Oops mode in which the Java heap is
#     placed in the first 32GB address space. The Java Heap base address is the
#     maximum limit for the native heap growth. Please use -XX:HeapBaseMinAddress
#     to set the Java Heap base and to place the Java Heap above 32GB virtual address.
# This output file may be truncated or incomplete.
#
#  Out of Memory Error (arena.cpp:191), pid=22540, tid=3876
#
# JRE version: OpenJDK Runtime Environment Microsoft-8552009 (17.0.9+8) (build 17.0.9+8-LTS)
# Java VM: OpenJDK 64-Bit Server VM Microsoft-8552009 (17.0.9+8-LTS, mixed mode, sharing, tiered, compressed oops, compressed class ptrs, g1 gc, windows-amd64)
# No core dump will be written. Minidumps are not enabled by default on client versions of Windows
#

---------------  S U M M A R Y ------------

Command Line: checkstyle-11.0.0-all.jar -c checkstyle.xml -f plain src/main/java src/test/java

Host: 11th Gen Intel(R) Core(TM) i5-1135G7 @ 2.40GHz, 8 cores, 15G,  Windows 11 , 64 bit Build 26100 (10.0.26100.7019)
Time: Mon Nov 17 20:30:25 2025 Mitteleuropäische Zeit elapsed time: 1.882177 seconds (0d 0h 0m 1s)

---------------  T H R E A D  ---------------

Current thread (0x00000182c0b5b600):  JavaThread "C2 CompilerThread0" daemon [_thread_in_native, id=3876, stack(0x00000060b4f00000,0x00000060b5000000)]


Current CompileTask:
C2:   1882 1685       4       org.antlr.v4.runtime.atn.PredictionContext::getCachedContext (261 bytes)

Stack: [0x00000060b4f00000,0x00000060b5000000]
Native frames: (J=compiled Java code, j=interpreted, Vv=VM code, C=native code)
V  [jvm.dll+0x67f089]
V  [jvm.dll+0x836eca]
V  [jvm.dll+0x83898e]
V  [jvm.dll+0x838ff3]
V  [jvm.dll+0x247fff]
V  [jvm.dll+0xac44c]
V  [jvm.dll+0xaca9c]
V  [jvm.dll+0x369132]
V  [jvm.dll+0x3334da]
V  [jvm.dll+0x33297a]
V  [jvm.dll+0x21a711]
V  [jvm.dll+0x219b31]
V  [jvm.dll+0x1a5816]
V  [jvm.dll+0x22988e]
V  [jvm.dll+0x227a5c]
V  [jvm.dll+0x7ebfa7]
V  [jvm.dll+0x7e636a]
V  [jvm.dll+0x67df75]
C  [ucrtbase.dll+0x37b0]
C  [KERNEL32.DLL+0x2e8d7]
C  [ntdll.dll+0x8c53c]


---------------  P R O C E S S  ---------------

Threads class SMR info:
_java_thread_list=0x00000182c1f35250, length=15, elements={
0x000001829e329e00, 0x00000182c0b3c940, 0x00000182c0b3d410, 0x00000182c0b567e0,
0x00000182c0b590c0, 0x00000182c0b59990, 0x00000182c0b5aa00, 0x00000182c0b5b600,
0x00000182c0b69bf0, 0x00000182c0b6aca0, 0x00000182c13da500, 0x00000182c13e2cb0,
0x00000182c13ed590, 0x00000182c19ffa80, 0x0000018307fce9d0
}

Java Threads: ( => current thread )
  0x000001829e329e00 JavaThread "main" [_thread_in_Java, id=15860, stack(0x00000060b4200000,0x00000060b4300000)]
  0x00000182c0b3c940 JavaThread "Reference Handler" daemon [_thread_blocked, id=7372, stack(0x00000060b4900000,0x00000060b4a00000)]
  0x00000182c0b3d410 JavaThread "Finalizer" daemon [_thread_blocked, id=10676, stack(0x00000060b4a00000,0x00000060b4b00000)]
  0x00000182c0b567e0 JavaThread "Signal Dispatcher" daemon [_thread_blocked, id=22724, stack(0x00000060b4b00000,0x00000060b4c00000)]
  0x00000182c0b590c0 JavaThread "Attach Listener" daemon [_thread_blocked, id=1540, stack(0x00000060b4c00000,0x00000060b4d00000)]
  0x00000182c0b59990 JavaThread "Service Thread" daemon [_thread_blocked, id=20220, stack(0x00000060b4d00000,0x00000060b4e00000)]
  0x00000182c0b5aa00 JavaThread "Monitor Deflation Thread" daemon [_thread_blocked, id=19520, stack(0x00000060b4e00000,0x00000060b4f00000)]
=>0x00000182c0b5b600 JavaThread "C2 CompilerThread0" daemon [_thread_in_native, id=3876, stack(0x00000060b4f00000,0x00000060b5000000)]
  0x00000182c0b69bf0 JavaThread "C1 CompilerThread0" daemon [_thread_in_vm, id=16748, stack(0x00000060b5000000,0x00000060b5100000)]
  0x00000182c0b6aca0 JavaThread "Sweeper thread" daemon [_thread_blocked, id=8424, stack(0x00000060b5100000,0x00000060b5200000)]
  0x00000182c13da500 JavaThread "Notification Thread" daemon [_thread_blocked, id=8828, stack(0x00000060b5200000,0x00000060b5300000)]
  0x00000182c13e2cb0 JavaThread "Common-Cleaner" daemon [_thread_blocked, id=7928, stack(0x00000060b5400000,0x00000060b5500000)]
  0x00000182c13ed590 JavaThread "C2 CompilerThread1" daemon [_thread_in_native, id=22808, stack(0x00000060b5500000,0x00000060b5600000)]
  0x00000182c19ffa80 JavaThread "C2 CompilerThread2" daemon [_thread_in_native, id=21236, stack(0x00000060b5b00000,0x00000060b5c00000)]
  0x0000018307fce9d0 JavaThread "ForkJoinPool.commonPool-worker-1" daemon [_thread_new, id=1124, stack(0x00000060b5d00000,0x00000060b5e00000)]

Other Threads:
  0x00000182c0b377e0 VMThread "VM Thread" [stack: 0x00000060b4800000,0x00000060b4900000] [id=8448]
  0x00000182c13da9e0 WatcherThread [stack: 0x00000060b5300000,0x00000060b5400000] [id=9768]
  0x000001829e395c90 GCTaskThread "GC Thread#0" [stack: 0x00000060b4300000,0x00000060b4400000] [id=12272]
  0x00000182c1874890 GCTaskThread "GC Thread#1" [stack: 0x00000060b5600000,0x00000060b5700000] [id=12192]
  0x00000182c1874b50 GCTaskThread "GC Thread#2" [stack: 0x00000060b5700000,0x00000060b5800000] [id=22680]
  0x00000182c1874e10 GCTaskThread "GC Thread#3" [stack: 0x00000060b5800000,0x00000060b5900000] [id=5572]
  0x00000182c1b0a8a0 GCTaskThread "GC Thread#4" [stack: 0x00000060b5900000,0x00000060b5a00000] [id=22792]
  0x00000182c1b0ab60 GCTaskThread "GC Thread#5" [stack: 0x00000060b5a00000,0x00000060b5b00000] [id=15428]
  0x00000182c1960a30 GCTaskThread "GC Thread#6" [stack: 0x00000060b5c00000,0x00000060b5d00000] [id=13908]
  0x000001829e3a8bc0 ConcurrentGCThread "G1 Main Marker" [stack: 0x00000060b4400000,0x00000060b4500000] [id=17420]
  0x000001829e3a94f0 ConcurrentGCThread "G1 Conc#0" [stack: 0x00000060b4500000,0x00000060b4600000] [id=13732]
  0x000001829e3de4c0 ConcurrentGCThread "G1 Refine#0" [stack: 0x00000060b4600000,0x00000060b4700000] [id=18756]
  0x000001829e3deca0 ConcurrentGCThread "G1 Service" [stack: 0x00000060b4700000,0x00000060b4800000] [id=20836]

Threads with active compile tasks:
C2 CompilerThread0     2913 1685       4       org.antlr.v4.runtime.atn.PredictionContext::getCachedContext (261 bytes)
C1 CompilerThread0     2914 1925       2       java.util.stream.AbstractPipeline::evaluate (94 bytes)
C2 CompilerThread1     2914 1882       4       org.antlr.v4.runtime.atn.ParserATNSimulator::canDropLoopEntryEdgeInLeftRecursiveRule (328 bytes)
C2 CompilerThread2     2914 1813       4       org.antlr.v4.runtime.atn.ParserATNSimulator::closure_ (343 bytes)

VM state: not at safepoint (normal execution)

VM Mutex/Monitor currently owned by a thread: None

Heap address: 0x0000000703a00000, size: 4038 MB, Compressed Oops mode: Zero based, Oop shift amount: 3

CDS archive(s) mapped at: [0x00000182c2000000-0x00000182c2ba0000-0x00000182c2ba0000), size 12189696, SharedBaseAddress: 0x00000182c2000000, ArchiveRelocationMode: 1.
Compressed class space mapped at: 0x00000182c3000000-0x0000018303000000, reserved size: 1073741824
Narrow klass base: 0x00000182c2000000, Narrow klass shift: 0, Narrow klass range: 0x100000000

GC Precious Log:
 CPUs: 8 total, 8 available
 Memory: 16145M
 Large Page Support: Disabled
 NUMA Support: Disabled
 Compressed Oops: Enabled (Zero based)
 Heap Region Size: 2M
 Heap Min Capacity: 8M
 Heap Initial Capacity: 254M
 Heap Max Capacity: 4038M
 Pre-touch: Disabled
 Parallel Workers: 8
 Concurrent Workers: 2
 Concurrent Refinement Workers: 8
 Periodic GC: Disabled

Heap:
 garbage-first heap   total 260096K, used 58409K [0x0000000703a00000, 0x0000000800000000)
  region size 2048K, 29 young (59392K), 3 survivors (6144K)
 Metaspace       used 9042K, committed 9216K, reserved 1114112K
  class space    used 1091K, committed 1152K, reserved 1048576K

Heap Regions: E=young(eden), S=young(survivor), O=old, HS=humongous(starts), HC=humongous(continues), CS=collection set, F=free, OA=open archive, CA=closed archive, TAMS=top-at-mark-start (previous, next)
|   0|0x0000000703a00000, 0x0000000703a00000, 0x0000000703c00000|  0%| F|  |TAMS 0x0000000703a00000, 0x0000000703a00000| Untracked 
|   1|0x0000000703c00000, 0x0000000703e00000, 0x0000000703e00000|100%|HS|  |TAMS 0x0000000703c00000, 0x0000000703c00000| Complete 
|   2|0x0000000703e00000, 0x0000000703e00000, 0x0000000704000000|  0%| F|  |TAMS 0x0000000703e00000, 0x0000000703e00000| Untracked 
|   3|0x0000000704000000, 0x0000000704000000, 0x0000000704200000|  0%| F|  |TAMS 0x0000000704000000, 0x0000000704000000| Untracked 
|   4|0x0000000704200000, 0x0000000704200000, 0x0000000704400000|  0%| F|  |TAMS 0x0000000704200000, 0x0000000704200000| Untracked 
|   5|0x0000000704400000, 0x0000000704400000, 0x0000000704600000|  0%| F|  |TAMS 0x0000000704400000, 0x0000000704400000| Untracked 
|   6|0x0000000704600000, 0x0000000704600000, 0x0000000704800000|  0%| F|  |TAMS 0x0000000704600000, 0x0000000704600000| Untracked 
|   7|0x0000000704800000, 0x0000000704800000, 0x0000000704a00000|  0%| F|  |TAMS 0x0000000704800000, 0x0000000704800000| Untracked 
|   8|0x0000000704a00000, 0x0000000704a00000, 0x0000000704c00000|  0%| F|  |TAMS 0x0000000704a00000, 0x0000000704a00000| Untracked 
|   9|0x0000000704c00000, 0x0000000704c00000, 0x0000000704e00000|  0%| F|  |TAMS 0x0000000704c00000, 0x0000000704c00000| Untracked 
|  10|0x0000000704e00000, 0x0000000704e00000, 0x0000000705000000|  0%| F|  |TAMS 0x0000000704e00000, 0x0000000704e00000| Untracked 
|  11|0x0000000705000000, 0x0000000705000000, 0x0000000705200000|  0%| F|  |TAMS 0x0000000705000000, 0x0000000705000000| Untracked 
|  12|0x0000000705200000, 0x0000000705200000, 0x0000000705400000|  0%| F|  |TAMS 0x0000000705200000, 0x0000000705200000| Untracked 
|  13|0x0000000705400000, 0x0000000705400000, 0x0000000705600000|  0%| F|  |TAMS 0x0000000705400000, 0x0000000705400000| Untracked 
|  14|0x0000000705600000, 0x0000000705600000, 0x0000000705800000|  0%| F|  |TAMS 0x0000000705600000, 0x0000000705600000| Untracked 
|  15|0x0000000705800000, 0x0000000705800000, 0x0000000705a00000|  0%| F|  |TAMS 0x0000000705800000, 0x0000000705800000| Untracked 
|  16|0x0000000705a00000, 0x0000000705a00000, 0x0000000705c00000|  0%| F|  |TAMS 0x0000000705a00000, 0x0000000705a00000| Untracked 
|  17|0x0000000705c00000, 0x0000000705c00000, 0x0000000705e00000|  0%| F|  |TAMS 0x0000000705c00000, 0x0000000705c00000| Untracked 
|  18|0x0000000705e00000, 0x0000000705e00000, 0x0000000706000000|  0%| F|  |TAMS 0x0000000705e00000, 0x0000000705e00000| Untracked 
|  19|0x0000000706000000, 0x0000000706000000, 0x0000000706200000|  0%| F|  |TAMS 0x0000000706000000, 0x0000000706000000| Untracked 
|  20|0x0000000706200000, 0x0000000706200000, 0x0000000706400000|  0%| F|  |TAMS 0x0000000706200000, 0x0000000706200000| Untracked 
|  21|0x0000000706400000, 0x0000000706400000, 0x0000000706600000|  0%| F|  |TAMS 0x0000000706400000, 0x0000000706400000| Untracked 
|  22|0x0000000706600000, 0x0000000706600000, 0x0000000706800000|  0%| F|  |TAMS 0x0000000706600000, 0x0000000706600000| Untracked 
|  23|0x0000000706800000, 0x0000000706800000, 0x0000000706a00000|  0%| F|  |TAMS 0x0000000706800000, 0x0000000706800000| Untracked 
|  24|0x0000000706a00000, 0x0000000706a00000, 0x0000000706c00000|  0%| F|  |TAMS 0x0000000706a00000, 0x0000000706a00000| Untracked 
|  25|0x0000000706c00000, 0x0000000706c00000, 0x0000000706e00000|  0%| F|  |TAMS 0x0000000706c00000, 0x0000000706c00000| Untracked 
|  26|0x0000000706e00000, 0x0000000706e00000, 0x0000000707000000|  0%| F|  |TAMS 0x0000000706e00000, 0x0000000706e00000| Untracked 
|  27|0x0000000707000000, 0x0000000707000000, 0x0000000707200000|  0%| F|  |TAMS 0x0000000707000000, 0x0000000707000000| Untracked 
|  28|0x0000000707200000, 0x0000000707200000, 0x0000000707400000|  0%| F|  |TAMS 0x0000000707200000, 0x0000000707200000| Untracked 
|  29|0x0000000707400000, 0x0000000707400000, 0x0000000707600000|  0%| F|  |TAMS 0x0000000707400000, 0x0000000707400000| Untracked 
|  30|0x0000000707600000, 0x0000000707600000, 0x0000000707800000|  0%| F|  |TAMS 0x0000000707600000, 0x0000000707600000| Untracked 
|  31|0x0000000707800000, 0x0000000707800000, 0x0000000707a00000|  0%| F|  |TAMS 0x0000000707800000, 0x0000000707800000| Untracked 
|  32|0x0000000707a00000, 0x0000000707a00000, 0x0000000707c00000|  0%| F|  |TAMS 0x0000000707a00000, 0x0000000707a00000| Untracked 
|  33|0x0000000707c00000, 0x0000000707c00000, 0x0000000707e00000|  0%| F|  |TAMS 0x0000000707c00000, 0x0000000707c00000| Untracked 
|  34|0x0000000707e00000, 0x0000000707e00000, 0x0000000708000000|  0%| F|  |TAMS 0x0000000707e00000, 0x0000000707e00000| Untracked 
|  35|0x0000000708000000, 0x0000000708000000, 0x0000000708200000|  0%| F|  |TAMS 0x0000000708000000, 0x0000000708000000| Untracked 
|  36|0x0000000708200000, 0x0000000708200000, 0x0000000708400000|  0%| F|  |TAMS 0x0000000708200000, 0x0000000708200000| Untracked 
|  37|0x0000000708400000, 0x0000000708400000, 0x0000000708600000|  0%| F|  |TAMS 0x0000000708400000, 0x0000000708400000| Untracked 
|  38|0x0000000708600000, 0x0000000708600000, 0x0000000708800000|  0%| F|  |TAMS 0x0000000708600000, 0x0000000708600000| Untracked 
|  39|0x0000000708800000, 0x0000000708800000, 0x0000000708a00000|  0%| F|  |TAMS 0x0000000708800000, 0x0000000708800000| Untracked 
|  40|0x0000000708a00000, 0x0000000708a00000, 0x0000000708c00000|  0%| F|  |TAMS 0x0000000708a00000, 0x0000000708a00000| Untracked 
|  41|0x0000000708c00000, 0x0000000708c00000, 0x0000000708e00000|  0%| F|  |TAMS 0x0000000708c00000, 0x0000000708c00000| Untracked 
|  42|0x0000000708e00000, 0x0000000708e00000, 0x0000000709000000|  0%| F|  |TAMS 0x0000000708e00000, 0x0000000708e00000| Untracked 
|  43|0x0000000709000000, 0x0000000709000000, 0x0000000709200000|  0%| F|  |TAMS 0x0000000709000000, 0x0000000709000000| Untracked 
|  44|0x0000000709200000, 0x0000000709200000, 0x0000000709400000|  0%| F|  |TAMS 0x0000000709200000, 0x0000000709200000| Untracked 
|  45|0x0000000709400000, 0x0000000709400000, 0x0000000709600000|  0%| F|  |TAMS 0x0000000709400000, 0x0000000709400000| Untracked 
|  46|0x0000000709600000, 0x0000000709600000, 0x0000000709800000|  0%| F|  |TAMS 0x0000000709600000, 0x0000000709600000| Untracked 
|  47|0x0000000709800000, 0x0000000709800000, 0x0000000709a00000|  0%| F|  |TAMS 0x0000000709800000, 0x0000000709800000| Untracked 
|  48|0x0000000709a00000, 0x0000000709a00000, 0x0000000709c00000|  0%| F|  |TAMS 0x0000000709a00000, 0x0000000709a00000| Untracked 
|  49|0x0000000709c00000, 0x0000000709c00000, 0x0000000709e00000|  0%| F|  |TAMS 0x0000000709c00000, 0x0000000709c00000| Untracked 
|  50|0x0000000709e00000, 0x0000000709e00000, 0x000000070a000000|  0%| F|  |TAMS 0x0000000709e00000, 0x0000000709e00000| Untracked 
|  51|0x000000070a000000, 0x000000070a000000, 0x000000070a200000|  0%| F|  |TAMS 0x000000070a000000, 0x000000070a000000| Untracked 
|  52|0x000000070a200000, 0x000000070a200000, 0x000000070a400000|  0%| F|  |TAMS 0x000000070a200000, 0x000000070a200000| Untracked 
|  53|0x000000070a400000, 0x000000070a400000, 0x000000070a600000|  0%| F|  |TAMS 0x000000070a400000, 0x000000070a400000| Untracked 
|  54|0x000000070a600000, 0x000000070a600000, 0x000000070a800000|  0%| F|  |TAMS 0x000000070a600000, 0x000000070a600000| Untracked 
|  55|0x000000070a800000, 0x000000070a800000, 0x000000070aa00000|  0%| F|  |TAMS 0x000000070a800000, 0x000000070a800000| Untracked 
|  56|0x000000070aa00000, 0x000000070aa00000, 0x000000070ac00000|  0%| F|  |TAMS 0x000000070aa00000, 0x000000070aa00000| Untracked 
|  57|0x000000070ac00000, 0x000000070ac00000, 0x000000070ae00000|  0%| F|  |TAMS 0x000000070ac00000, 0x000000070ac00000| Untracked 
|  58|0x000000070ae00000, 0x000000070ae00000, 0x000000070b000000|  0%| F|  |TAMS 0x000000070ae00000, 0x000000070ae00000| Untracked 
|  59|0x000000070b000000, 0x000000070b000000, 0x000000070b200000|  0%| F|  |TAMS 0x000000070b000000, 0x000000070b000000| Untracked 
|  60|0x000000070b200000, 0x000000070b200000, 0x000000070b400000|  0%| F|  |TAMS 0x000000070b200000, 0x000000070b200000| Untracked 
|  61|0x000000070b400000, 0x000000070b400000, 0x000000070b600000|  0%| F|  |TAMS 0x000000070b400000, 0x000000070b400000| Untracked 
|  62|0x000000070b600000, 0x000000070b600000, 0x000000070b800000|  0%| F|  |TAMS 0x000000070b600000, 0x000000070b600000| Untracked 
|  63|0x000000070b800000, 0x000000070b800000, 0x000000070ba00000|  0%| F|  |TAMS 0x000000070b800000, 0x000000070b800000| Untracked 
|  64|0x000000070ba00000, 0x000000070ba00000, 0x000000070bc00000|  0%| F|  |TAMS 0x000000070ba00000, 0x000000070ba00000| Untracked 
|  65|0x000000070bc00000, 0x000000070bc00000, 0x000000070be00000|  0%| F|  |TAMS 0x000000070bc00000, 0x000000070bc00000| Untracked 
|  66|0x000000070be00000, 0x000000070be00000, 0x000000070c000000|  0%| F|  |TAMS 0x000000070be00000, 0x000000070be00000| Untracked 
|  67|0x000000070c000000, 0x000000070c000000, 0x000000070c200000|  0%| F|  |TAMS 0x000000070c000000, 0x000000070c000000| Untracked 
|  68|0x000000070c200000, 0x000000070c200000, 0x000000070c400000|  0%| F|  |TAMS 0x000000070c200000, 0x000000070c200000| Untracked 
|  69|0x000000070c400000, 0x000000070c400000, 0x000000070c600000|  0%| F|  |TAMS 0x000000070c400000, 0x000000070c400000| Untracked 
|  70|0x000000070c600000, 0x000000070c600000, 0x000000070c800000|  0%| F|  |TAMS 0x000000070c600000, 0x000000070c600000| Untracked 
|  71|0x000000070c800000, 0x000000070c800000, 0x000000070ca00000|  0%| F|  |TAMS 0x000000070c800000, 0x000000070c800000| Untracked 
|  72|0x000000070ca00000, 0x000000070ca00000, 0x000000070cc00000|  0%| F|  |TAMS 0x000000070ca00000, 0x000000070ca00000| Untracked 
|  73|0x000000070cc00000, 0x000000070cc00000, 0x000000070ce00000|  0%| F|  |TAMS 0x000000070cc00000, 0x000000070cc00000| Untracked 
|  74|0x000000070ce00000, 0x000000070ce00000, 0x000000070d000000|  0%| F|  |TAMS 0x000000070ce00000, 0x000000070ce00000| Untracked 
|  75|0x000000070d000000, 0x000000070d000000, 0x000000070d200000|  0%| F|  |TAMS 0x000000070d000000, 0x000000070d000000| Untracked 
|  76|0x000000070d200000, 0x000000070d200000, 0x000000070d400000|  0%| F|  |TAMS 0x000000070d200000, 0x000000070d200000| Untracked 
|  77|0x000000070d400000, 0x000000070d400000, 0x000000070d600000|  0%| F|  |TAMS 0x000000070d400000, 0x000000070d400000| Untracked 
|  78|0x000000070d600000, 0x000000070d600000, 0x000000070d800000|  0%| F|  |TAMS 0x000000070d600000, 0x000000070d600000| Untracked 
|  79|0x000000070d800000, 0x000000070d800000, 0x000000070da00000|  0%| F|  |TAMS 0x000000070d800000, 0x000000070d800000| Untracked 
|  80|0x000000070da00000, 0x000000070da00000, 0x000000070dc00000|  0%| F|  |TAMS 0x000000070da00000, 0x000000070da00000| Untracked 
|  81|0x000000070dc00000, 0x000000070dc00000, 0x000000070de00000|  0%| F|  |TAMS 0x000000070dc00000, 0x000000070dc00000| Untracked 
|  82|0x000000070de00000, 0x000000070de00000, 0x000000070e000000|  0%| F|  |TAMS 0x000000070de00000, 0x000000070de00000| Untracked 
|  83|0x000000070e000000, 0x000000070e000000, 0x000000070e200000|  0%| F|  |TAMS 0x000000070e000000, 0x000000070e000000| Untracked 
|  84|0x000000070e200000, 0x000000070e200000, 0x000000070e400000|  0%| F|  |TAMS 0x000000070e200000, 0x000000070e200000| Untracked 
|  85|0x000000070e400000, 0x000000070e400000, 0x000000070e600000|  0%| F|  |TAMS 0x000000070e400000, 0x000000070e400000| Untracked 
|  86|0x000000070e600000, 0x000000070e600000, 0x000000070e800000|  0%| F|  |TAMS 0x000000070e600000, 0x000000070e600000| Untracked 
|  87|0x000000070e800000, 0x000000070e800000, 0x000000070ea00000|  0%| F|  |TAMS 0x000000070e800000, 0x000000070e800000| Untracked 
|  88|0x000000070ea00000, 0x000000070ea00000, 0x000000070ec00000|  0%| F|  |TAMS 0x000000070ea00000, 0x000000070ea00000| Untracked 
|  89|0x000000070ec00000, 0x000000070ec00000, 0x000000070ee00000|  0%| F|  |TAMS 0x000000070ec00000, 0x000000070ec00000| Untracked 
|  90|0x000000070ee00000, 0x000000070ee00000, 0x000000070f000000|  0%| F|  |TAMS 0x000000070ee00000, 0x000000070ee00000| Untracked 
|  91|0x000000070f000000, 0x000000070f000000, 0x000000070f200000|  0%| F|  |TAMS 0x000000070f000000, 0x000000070f000000| Untracked 
|  92|0x000000070f200000, 0x000000070f200000, 0x000000070f400000|  0%| F|  |TAMS 0x000000070f200000, 0x000000070f200000| Untracked 
|  93|0x000000070f400000, 0x000000070f400000, 0x000000070f600000|  0%| F|  |TAMS 0x000000070f400000, 0x000000070f400000| Untracked 
|  94|0x000000070f600000, 0x000000070f600000, 0x000000070f800000|  0%| F|  |TAMS 0x000000070f600000, 0x000000070f600000| Untracked 
|  95|0x000000070f800000, 0x000000070f800000, 0x000000070fa00000|  0%| F|  |TAMS 0x000000070f800000, 0x000000070f800000| Untracked 
|  96|0x000000070fa00000, 0x000000070fa00000, 0x000000070fc00000|  0%| F|  |TAMS 0x000000070fa00000, 0x000000070fa00000| Untracked 
|  97|0x000000070fc00000, 0x000000070fc00000, 0x000000070fe00000|  0%| F|  |TAMS 0x000000070fc00000, 0x000000070fc00000| Untracked 
|  98|0x000000070fe00000, 0x0000000710000000, 0x0000000710000000|100%| E|  |TAMS 0x000000070fe00000, 0x000000070fe00000| Complete 
|  99|0x0000000710000000, 0x0000000710200000, 0x0000000710200000|100%| E|CS|TAMS 0x0000000710000000, 0x0000000710000000| Complete 
| 100|0x0000000710200000, 0x0000000710400000, 0x0000000710400000|100%| E|CS|TAMS 0x0000000710200000, 0x0000000710200000| Complete 
| 101|0x0000000710400000, 0x0000000710600000, 0x0000000710600000|100%| E|CS|TAMS 0x0000000710400000, 0x0000000710400000| Complete 
| 102|0x0000000710600000, 0x0000000710800000, 0x0000000710800000|100%| E|CS|TAMS 0x0000000710600000, 0x0000000710600000| Complete 
| 103|0x0000000710800000, 0x0000000710a00000, 0x0000000710a00000|100%| E|CS|TAMS 0x0000000710800000, 0x0000000710800000| Complete 
| 104|0x0000000710a00000, 0x0000000710c00000, 0x0000000710c00000|100%| E|CS|TAMS 0x0000000710a00000, 0x0000000710a00000| Complete 
| 105|0x0000000710c00000, 0x0000000710d0a7c0, 0x0000000710e00000| 52%| S|CS|TAMS 0x0000000710c00000, 0x0000000710c00000| Complete 
| 106|0x0000000710e00000, 0x0000000711000000, 0x0000000711000000|100%| S|CS|TAMS 0x0000000710e00000, 0x0000000710e00000| Complete 
| 107|0x0000000711000000, 0x0000000711200000, 0x0000000711200000|100%| S|CS|TAMS 0x0000000711000000, 0x0000000711000000| Complete 
| 108|0x0000000711200000, 0x0000000711400000, 0x0000000711400000|100%| E|CS|TAMS 0x0000000711200000, 0x0000000711200000| Complete 
| 109|0x0000000711400000, 0x0000000711600000, 0x0000000711600000|100%| E|CS|TAMS 0x0000000711400000, 0x0000000711400000| Complete 
| 110|0x0000000711600000, 0x0000000711800000, 0x0000000711800000|100%| E|CS|TAMS 0x0000000711600000, 0x0000000711600000| Complete 
| 111|0x0000000711800000, 0x0000000711a00000, 0x0000000711a00000|100%| E|CS|TAMS 0x0000000711800000, 0x0000000711800000| Complete 
| 112|0x0000000711a00000, 0x0000000711c00000, 0x0000000711c00000|100%| E|CS|TAMS 0x0000000711a00000, 0x0000000711a00000| Complete 
| 113|0x0000000711c00000, 0x0000000711e00000, 0x0000000711e00000|100%| E|CS|TAMS 0x0000000711c00000, 0x0000000711c00000| Complete 
| 114|0x0000000711e00000, 0x0000000712000000, 0x0000000712000000|100%| E|CS|TAMS 0x0000000711e00000, 0x0000000711e00000| Complete 
| 115|0x0000000712000000, 0x0000000712200000, 0x0000000712200000|100%| E|CS|TAMS 0x0000000712000000, 0x0000000712000000| Complete 
| 116|0x0000000712200000, 0x0000000712400000, 0x0000000712400000|100%| E|CS|TAMS 0x0000000712200000, 0x0000000712200000| Complete 
| 117|0x0000000712400000, 0x0000000712600000, 0x0000000712600000|100%| E|CS|TAMS 0x0000000712400000, 0x0000000712400000| Complete 
| 118|0x0000000712600000, 0x0000000712800000, 0x0000000712800000|100%| E|CS|TAMS 0x0000000712600000, 0x0000000712600000| Complete 
| 119|0x0000000712800000, 0x0000000712a00000, 0x0000000712a00000|100%| E|CS|TAMS 0x0000000712800000, 0x0000000712800000| Complete 
| 120|0x0000000712a00000, 0x0000000712c00000, 0x0000000712c00000|100%| E|CS|TAMS 0x0000000712a00000, 0x0000000712a00000| Complete 
| 121|0x0000000712c00000, 0x0000000712e00000, 0x0000000712e00000|100%| E|CS|TAMS 0x0000000712c00000, 0x0000000712c00000| Complete 
| 122|0x0000000712e00000, 0x0000000713000000, 0x0000000713000000|100%| E|CS|TAMS 0x0000000712e00000, 0x0000000712e00000| Complete 
| 123|0x0000000713000000, 0x0000000713200000, 0x0000000713200000|100%| E|CS|TAMS 0x0000000713000000, 0x0000000713000000| Complete 
| 124|0x0000000713200000, 0x0000000713400000, 0x0000000713400000|100%| E|CS|TAMS 0x0000000713200000, 0x0000000713200000| Complete 
| 125|0x0000000713400000, 0x0000000713600000, 0x0000000713600000|100%| E|CS|TAMS 0x0000000713400000, 0x0000000713400000| Complete 
| 126|0x0000000713600000, 0x0000000713800000, 0x0000000713800000|100%| E|CS|TAMS 0x0000000713600000, 0x0000000713600000| Complete 

Card table byte_map: [0x00000182b5960000,0x00000182b6150000] _byte_map_base: 0x00000182b2143000

Marking Bits (Prev, Next): (CMBitMap*) 0x000001829e3971d0, (CMBitMap*) 0x000001829e397210
 Prev Bits: [0x00000182b6940000, 0x00000182ba858000)
 Next Bits: [0x00000182ba860000, 0x00000182be778000)

Polling page: 0x000001829c1d0000

Metaspace:

Usage:
  Non-class:      7.78 MB used.
      Class:      1.07 MB used.
       Both:      8.84 MB used.

Virtual space:
  Non-class space:       64.00 MB reserved,       7.88 MB ( 12%) committed,  1 nodes.
      Class space:        1.00 GB reserved,       1.12 MB ( <1%) committed,  1 nodes.
             Both:        1.06 GB reserved,       9.00 MB ( <1%) committed. 

Chunk freelists:
   Non-Class:  7.97 MB
       Class:  14.75 MB
        Both:  22.72 MB

MaxMetaspaceSize: unlimited
CompressedClassSpaceSize: 1.00 GB
Initial GC threshold: 21.00 MB
Current GC threshold: 21.00 MB
CDS: on
MetaspaceReclaimPolicy: balanced
 - commit_granule_bytes: 65536.
 - commit_granule_words: 8192.
 - virtual_space_node_default_size: 8388608.
 - enlarge_chunks_in_place: 1.
 - new_chunks_are_fully_committed: 0.
 - uncommit_free_chunks: 1.
 - use_allocation_guard: 0.
 - handle_deallocations: 1.


Internal statistics:

num_allocs_failed_limit: 0.
num_arena_births: 92.
num_arena_deaths: 0.
num_vsnodes_births: 2.
num_vsnodes_deaths: 0.
num_space_committed: 144.
num_space_uncommitted: 0.
num_chunks_returned_to_freelist: 0.
num_chunks_taken_from_freelist: 312.
num_chunk_merges: 0.
num_chunk_splits: 219.
num_chunks_enlarged: 162.
num_inconsistent_stats: 0.

CodeHeap 'non-profiled nmethods': size=120000Kb used=677Kb max_used=677Kb free=119322Kb
 bounds [0x00000182ad910000, 0x00000182adb80000, 0x00000182b4e40000]
CodeHeap 'profiled nmethods': size=120000Kb used=3551Kb max_used=3551Kb free=116449Kb
 bounds [0x00000182a5e40000, 0x00000182a61c0000, 0x00000182ad370000]
CodeHeap 'non-nmethods': size=5760Kb used=1188Kb max_used=1212Kb free=4571Kb
 bounds [0x00000182ad370000, 0x00000182ad5e0000, 0x00000182ad910000]
 total_blobs=2370 nmethods=1896 adapters=387
 compilation: enabled
              stopped_count=0, restarted_count=0
 full_count=0

Compilation events (20 events):
Event: 0.846 Thread 0x00000182c0b69bf0 nmethod 1883 0x00000182a619cb90 code [0x00000182a619cd60, 0x00000182a619d128]
Event: 0.846 Thread 0x00000182c0b69bf0 1884       3       org.antlr.v4.runtime.atn.PrecedencePredicateTransition::getPredicate (12 bytes)
Event: 0.846 Thread 0x00000182c0b69bf0 nmethod 1884 0x00000182a619d310 code [0x00000182a619d4c0, 0x00000182a619d758]
Event: 0.846 Thread 0x00000182c0b69bf0 1885       2       org.antlr.v4.runtime.dfa.DFA::getPrecedenceStartState (45 bytes)
Event: 0.846 Thread 0x00000182c0b69bf0 nmethod 1885 0x00000182a619d890 code [0x00000182a619da40, 0x00000182a619dcc8]
Event: 0.851 Thread 0x00000182c0b69bf0 1888       2       org.antlr.v4.runtime.atn.SemanticContext$OR::<init> (135 bytes)
Event: 0.852 Thread 0x00000182c0b69bf0 nmethod 1888 0x00000182a619de90 code [0x00000182a619e100, 0x00000182a619eaf8]
Event: 0.852 Thread 0x00000182c13ed590 nmethod 1862 0x00000182ad9b4e10 code [0x00000182ad9b5040, 0x00000182ad9b6698]
Event: 0.853 Thread 0x00000182c13ed590 1882       4       org.antlr.v4.runtime.atn.ParserATNSimulator::canDropLoopEntryEdgeInLeftRecursiveRule (328 bytes)
Event: 0.856 Thread 0x00000182c0b69bf0 1890       2       org.antlr.v4.runtime.atn.PredictionMode::getStateToAltMap (88 bytes)
Event: 0.856 Thread 0x00000182c0b69bf0 nmethod 1890 0x00000182a619ef90 code [0x00000182a619f180, 0x00000182a619f738]
Event: 0.861 Thread 0x00000182c0b69bf0 1891       2       org.antlr.v4.runtime.Recognizer::getErrorListenerDispatch (12 bytes)
Event: 0.861 Thread 0x00000182c0b69bf0 nmethod 1891 0x00000182a619fa90 code [0x00000182a619fc40, 0x00000182a619fec8]
Event: 0.861 Thread 0x00000182c0b69bf0 1892       2       org.antlr.v4.runtime.ProxyErrorListener::<init> (24 bytes)
Event: 0.862 Thread 0x00000182c0b69bf0 nmethod 1892 0x00000182a61a0010 code [0x00000182a61a01c0, 0x00000182a61a03e8]
Event: 0.863 Thread 0x00000182c0b69bf0 1894       2       com.puppycrawl.tools.checkstyle.JavaAstVisitor$DetailAstPair::makeAstRoot (26 bytes)
Event: 0.863 Thread 0x00000182c0b69bf0 nmethod 1894 0x00000182a61a0510 code [0x00000182a61a06c0, 0x00000182a61a0988]
Event: 0.863 Thread 0x00000182c0b69bf0 1896       2       java.lang.Iterable::forEach (39 bytes)
Event: 0.864 Thread 0x00000182c0b69bf0 nmethod 1896 0x00000182a61a0b10 code [0x00000182a61a0d00, 0x00000182a61a0fc8]
Event: 0.864 Thread 0x00000182c0b69bf0 1900       3       com.puppycrawl.tools.checkstyle.JavaAstVisitor$$Lambda$86/0x00000182c3136618::accept (16 bytes)

GC Heap History (4 events):
Event: 0.480 GC heap before
{Heap before GC invocations=0 (full 0):
 garbage-first heap   total 260096K, used 26624K [0x0000000703a00000, 0x0000000800000000)
  region size 2048K, 11 young (22528K), 0 survivors (0K)
 Metaspace       used 5897K, committed 6080K, reserved 1114112K
  class space    used 617K, committed 704K, reserved 1048576K
}
Event: 0.483 GC heap after
{Heap after GC invocations=1 (full 0):
 garbage-first heap   total 260096K, used 4650K [0x0000000703a00000, 0x0000000800000000)
  region size 2048K, 2 young (4096K), 2 survivors (4096K)
 Metaspace       used 5897K, committed 6080K, reserved 1114112K
  class space    used 617K, committed 704K, reserved 1048576K
}
Event: 0.735 GC heap before
{Heap before GC invocations=1 (full 0):
 garbage-first heap   total 260096K, used 39466K [0x0000000703a00000, 0x0000000800000000)
  region size 2048K, 19 young (38912K), 2 survivors (4096K)
 Metaspace       used 8856K, committed 9024K, reserved 1114112K
  class space    used 1082K, committed 1152K, reserved 1048576K
}
Event: 0.740 GC heap after
{Heap after GC invocations=2 (full 0):
 garbage-first heap   total 260096K, used 7209K [0x0000000703a00000, 0x0000000800000000)
  region size 2048K, 3 young (6144K), 3 survivors (6144K)
 Metaspace       used 8856K, committed 9024K, reserved 1114112K
  class space    used 1082K, committed 1152K, reserved 1048576K
}

Dll operation events (7 events):
Event: 0.022 Loaded shared library C:\Users\fiete\jdk\jdk-17.0.9+8\bin\java.dll
Event: 0.066 Loaded shared library C:\Users\fiete\jdk\jdk-17.0.9+8\bin\jsvml.dll
Event: 0.091 Loaded shared library C:\Users\fiete\jdk\jdk-17.0.9+8\bin\net.dll
Event: 0.093 Loaded shared library C:\Users\fiete\jdk\jdk-17.0.9+8\bin\nio.dll
Event: 0.102 Loaded shared library C:\Users\fiete\jdk\jdk-17.0.9+8\bin\zip.dll
Event: 0.117 Loaded shared library C:\Users\fiete\jdk\jdk-17.0.9+8\bin\verify.dll
Event: 0.123 Loaded shared library C:\Users\fiete\jdk\jdk-17.0.9+8\bin\jimage.dll

Deoptimization events (20 events):
Event: 0.816 Thread 0x000001829e329e00 Uncommon trap: trap_request=0xffffffde fr.pc=0x00000182ad98006c relative=0x00000000000009ec
Event: 0.816 Thread 0x000001829e329e00 Uncommon trap: reason=class_check action=maybe_recompile pc=0x00000182ad98006c method=org.antlr.v4.runtime.atn.ParserATNSimulator.canDropLoopEntryEdgeInLeftRecursiveRule(Lorg/antlr/v4/runtime/atn/ATNConfig;)Z @ 193 c2
Event: 0.816 Thread 0x000001829e329e00 DEOPT PACKING pc=0x00000182ad98006c sp=0x00000060b42fd7f0
Event: 0.816 Thread 0x000001829e329e00 DEOPT UNPACKING pc=0x00000182ad3ca1a3 sp=0x00000060b42fd768 mode 2
Event: 0.831 Thread 0x000001829e329e00 Uncommon trap: trap_request=0xffffffde fr.pc=0x00000182ad98006c relative=0x00000000000009ec
Event: 0.831 Thread 0x000001829e329e00 Uncommon trap: reason=class_check action=maybe_recompile pc=0x00000182ad98006c method=org.antlr.v4.runtime.atn.ParserATNSimulator.canDropLoopEntryEdgeInLeftRecursiveRule(Lorg/antlr/v4/runtime/atn/ATNConfig;)Z @ 193 c2
Event: 0.831 Thread 0x000001829e329e00 DEOPT PACKING pc=0x00000182ad98006c sp=0x00000060b42fd7b0
Event: 0.831 Thread 0x000001829e329e00 DEOPT UNPACKING pc=0x00000182ad3ca1a3 sp=0x00000060b42fd728 mode 2
Event: 0.832 Thread 0x000001829e329e00 Uncommon trap: trap_request=0xffffffde fr.pc=0x00000182ad98006c relative=0x00000000000009ec
Event: 0.832 Thread 0x000001829e329e00 Uncommon trap: reason=class_check action=maybe_recompile pc=0x00000182ad98006c method=org.antlr.v4.runtime.atn.ParserATNSimulator.canDropLoopEntryEdgeInLeftRecursiveRule(Lorg/antlr/v4/runtime/atn/ATNConfig;)Z @ 193 c2
Event: 0.832 Thread 0x000001829e329e00 DEOPT PACKING pc=0x00000182ad98006c sp=0x00000060b42fd820
Event: 0.832 Thread 0x000001829e329e00 DEOPT UNPACKING pc=0x00000182ad3ca1a3 sp=0x00000060b42fd798 mode 2
Event: 0.843 Thread 0x000001829e329e00 Uncommon trap: trap_request=0xffffffde fr.pc=0x00000182ad97fea4 relative=0x0000000000000824
Event: 0.843 Thread 0x000001829e329e00 Uncommon trap: reason=class_check action=maybe_recompile pc=0x00000182ad97fea4 method=org.antlr.v4.runtime.atn.ParserATNSimulator.canDropLoopEntryEdgeInLeftRecursiveRule(Lorg/antlr/v4/runtime/atn/ATNConfig;)Z @ 174 c2
Event: 0.843 Thread 0x000001829e329e00 DEOPT PACKING pc=0x00000182ad97fea4 sp=0x00000060b42fd470
Event: 0.843 Thread 0x000001829e329e00 DEOPT UNPACKING pc=0x00000182ad3ca1a3 sp=0x00000060b42fd3e0 mode 2
Event: 0.843 Thread 0x000001829e329e00 Uncommon trap: trap_request=0xffffffde fr.pc=0x00000182ad97fea4 relative=0x0000000000000824
Event: 0.843 Thread 0x000001829e329e00 Uncommon trap: reason=class_check action=maybe_recompile pc=0x00000182ad97fea4 method=org.antlr.v4.runtime.atn.ParserATNSimulator.canDropLoopEntryEdgeInLeftRecursiveRule(Lorg/antlr/v4/runtime/atn/ATNConfig;)Z @ 174 c2
Event: 0.843 Thread 0x000001829e329e00 DEOPT PACKING pc=0x00000182ad97fea4 sp=0x00000060b42fd470
Event: 0.843 Thread 0x000001829e329e00 DEOPT UNPACKING pc=0x00000182ad3ca1a3 sp=0x00000060b42fd3e0 mode 2

Classes unloaded (0 events):
No events

Classes redefined (0 events):
No events

Internal exceptions (20 events):
Event: 0.476 Thread 0x000001829e329e00 Exception <a 'java/lang/ClassNotFoundException'{0x000000071235db98}: com/puppycrawl/tools/checkstyle/checks/whitespace/OperatorWrapCheckCustomizer> (0x000000071235db98) 
thrown [s\src\hotspot\share\classfile\systemDictionary.cpp, line 256]
Event: 0.478 Thread 0x000001829e329e00 Exception <a 'java/lang/ClassNotFoundException'{0x00000007123b1c70}: com/puppycrawl/tools/checkstyle/checks/coding/OneStatementPerLineCheckBeanInfo> (0x00000007123b1c70) 
thrown [s\src\hotspot\share\classfile\systemDictionary.cpp, line 256]
Event: 0.478 Thread 0x000001829e329e00 Exception <a 'java/lang/ClassNotFoundException'{0x00000007123b2c08}: com/puppycrawl/tools/checkstyle/checks/coding/OneStatementPerLineCheckCustomizer> (0x00000007123b2c08) 
thrown [s\src\hotspot\share\classfile\systemDictionary.cpp, line 256]
Event: 0.483 Thread 0x000001829e329e00 Exception <a 'java/lang/ClassNotFoundException'{0x0000000713608e90}: com/puppycrawl/tools/checkstyle/checks/blocks/NeedBracesCheckBeanInfo> (0x0000000713608e90) 
thrown [s\src\hotspot\share\classfile\systemDictionary.cpp, line 256]
Event: 0.483 Thread 0x000001829e329e00 Exception <a 'java/lang/ClassNotFoundException'{0x0000000713609dd0}: com/puppycrawl/tools/checkstyle/checks/blocks/NeedBracesCheckCustomizer> (0x0000000713609dd0) 
thrown [s\src\hotspot\share\classfile\systemDictionary.cpp, line 256]
Event: 0.486 Thread 0x000001829e329e00 Exception <a 'java/lang/ClassNotFoundException'{0x000000071368b5c0}: com/puppycrawl/tools/checkstyle/checks/coding/FallThroughCheckBeanInfo> (0x000000071368b5c0) 
thrown [s\src\hotspot\share\classfile\systemDictionary.cpp, line 256]
Event: 0.486 Thread 0x000001829e329e00 Exception <a 'java/lang/ClassNotFoundException'{0x000000071368c500}: com/puppycrawl/tools/checkstyle/checks/coding/FallThroughCheckCustomizer> (0x000000071368c500) 
thrown [s\src\hotspot\share\classfile\systemDictionary.cpp, line 256]
Event: 0.489 Thread 0x000001829e329e00 Exception <a 'java/lang/ClassNotFoundException'{0x00000007136eabf8}: com/puppycrawl/tools/checkstyle/checks/imports/ImportOrderCheckBeanInfo> (0x00000007136eabf8) 
thrown [s\src\hotspot\share\classfile\systemDictionary.cpp, line 256]
Event: 0.489 Thread 0x000001829e329e00 Exception <a 'java/lang/ClassNotFoundException'{0x00000007136ebb78}: com/puppycrawl/tools/checkstyle/checks/imports/ImportOrderCheckCustomizer> (0x00000007136ebb78) 
thrown [s\src\hotspot\share\classfile\systemDictionary.cpp, line 256]
Event: 0.495 Thread 0x000001829e329e00 Exception <a 'java/lang/ClassNotFoundException'{0x0000000713427a38}: com/puppycrawl/tools/checkstyle/checks/imports/UnusedImportsCheckBeanInfo> (0x0000000713427a38) 
thrown [s\src\hotspot\share\classfile\systemDictionary.cpp, line 256]
Event: 0.495 Thread 0x000001829e329e00 Exception <a 'java/lang/ClassNotFoundException'{0x00000007134289d0}: com/puppycrawl/tools/checkstyle/checks/imports/UnusedImportsCheckCustomizer> (0x00000007134289d0) 
thrown [s\src\hotspot\share\classfile\systemDictionary.cpp, line 256]
Event: 0.498 Thread 0x000001829e329e00 Exception <a 'java/lang/NoSuchMethodError'{0x000000071346cb68}: 'void java.lang.invoke.DirectMethodHandle$Holder.invokeVirtual(java.lang.Object, java.lang.Object, int)'> (0x000000071346cb68) 
thrown [s\src\hotspot\share\interpreter\linkResolver.cpp, line 759]
Event: 0.500 Thread 0x000001829e329e00 Exception <a 'java/lang/ClassNotFoundException'{0x0000000713491e58}: com/puppycrawl/tools/checkstyle/checks/coding/MagicNumberCheckBeanInfo> (0x0000000713491e58) 
thrown [s\src\hotspot\share\classfile\systemDictionary.cpp, line 256]
Event: 0.500 Thread 0x000001829e329e00 Exception <a 'java/lang/ClassNotFoundException'{0x0000000713492d98}: com/puppycrawl/tools/checkstyle/checks/coding/MagicNumberCheckCustomizer> (0x0000000713492d98) 
thrown [s\src\hotspot\share\classfile\systemDictionary.cpp, line 256]
Event: 0.505 Thread 0x000001829e329e00 Exception <a 'java/lang/ClassNotFoundException'{0x0000000713558dd0}: com/puppycrawl/tools/checkstyle/checks/sizes/LineLengthCheckBeanInfo> (0x0000000713558dd0) 
thrown [s\src\hotspot\share\classfile\systemDictionary.cpp, line 256]
Event: 0.505 Thread 0x000001829e329e00 Exception <a 'java/lang/ClassNotFoundException'{0x0000000713559d10}: com/puppycrawl/tools/checkstyle/checks/sizes/LineLengthCheckCustomizer> (0x0000000713559d10) 
thrown [s\src\hotspot\share\classfile\systemDictionary.cpp, line 256]
Event: 0.512 Thread 0x000001829e329e00 Exception <a 'java/lang/NoSuchMethodError'{0x0000000713221ad8}: 'int java.lang.invoke.DirectMethodHandle$Holder.invokeSpecial(java.lang.Object, java.lang.Object, java.lang.Object)'> (0x0000000713221ad8) 
thrown [s\src\hotspot\share\interpreter\linkResolver.cpp, line 759]
Event: 0.664 Thread 0x000001829e329e00 Exception <a 'java/lang/IncompatibleClassChangeError'{0x00000007129ec030}: Found class java.lang.Object, but interface was expected> (0x00000007129ec030) 
thrown [s\src\hotspot\share\interpreter\linkResolver.cpp, line 826]
Event: 0.665 Thread 0x000001829e329e00 Exception <a 'java/lang/NoSuchMethodError'{0x00000007129fb1f0}: 'java.lang.Object java.lang.invoke.DirectMethodHandle$Holder.newInvokeSpecial(java.lang.Object, java.lang.Object, int)'> (0x00000007129fb1f0) 
thrown [s\src\hotspot\share\interpreter\linkResolver.cpp, line 759]
Event: 0.672 Thread 0x000001829e329e00 Exception <a 'java/lang/NoSuchMethodError'{0x0000000712619f78}: 'void java.lang.invoke.DirectMethodHandle$Holder.invokeSpecial(java.lang.Object, java.lang.Object, java.lang.Object)'> (0x0000000712619f78) 
thrown [s\src\hotspot\share\interpreter\linkResolver.cpp, line 759]

VM Operations (20 events):
Event: 0.103 Executing VM operation: HandshakeAllThreads done
Event: 0.257 Executing VM operation: HandshakeAllThreads
Event: 0.257 Executing VM operation: HandshakeAllThreads done
Event: 0.338 Executing VM operation: HandshakeAllThreads
Event: 0.338 Executing VM operation: HandshakeAllThreads done
Event: 0.467 Executing VM operation: ICBufferFull
Event: 0.467 Executing VM operation: ICBufferFull done
Event: 0.480 Executing VM operation: G1CollectForAllocation
Event: 0.483 Executing VM operation: G1CollectForAllocation done
Event: 0.544 Executing VM operation: HandshakeAllThreads
Event: 0.544 Executing VM operation: HandshakeAllThreads done
Event: 0.549 Executing VM operation: HandshakeAllThreads
Event: 0.549 Executing VM operation: HandshakeAllThreads done
Event: 0.624 Executing VM operation: HandshakeAllThreads
Event: 0.624 Executing VM operation: HandshakeAllThreads done
Event: 0.633 Executing VM operation: ICBufferFull
Event: 0.633 Executing VM operation: ICBufferFull done
Event: 0.735 Executing VM operation: G1CollectForAllocation
Event: 0.740 Executing VM operation: G1CollectForAllocation done
Event: 1.745 Executing VM operation: Cleanup

Events (20 events):
Event: 0.666 loading class java/util/stream/MatchOps$MatchOp
Event: 0.666 loading class java/util/stream/MatchOps$MatchOp done
Event: 0.667 loading class java/util/stream/MatchOps$BooleanTerminalSink
Event: 0.667 loading class java/util/stream/MatchOps$BooleanTerminalSink done
Event: 0.667 loading class java/util/stream/MatchOps$1MatchSink
Event: 0.667 loading class java/util/stream/MatchOps$1MatchSink done
Event: 0.668 loading class java/util/TreeMap$AscendingSubMap
Event: 0.668 loading class java/util/TreeMap$NavigableSubMap
Event: 0.668 loading class java/util/TreeMap$NavigableSubMap done
Event: 0.668 loading class java/util/TreeMap$AscendingSubMap done
Event: 0.668 loading class java/util/TreeMap$AscendingSubMap$AscendingEntrySetView
Event: 0.668 loading class java/util/TreeMap$NavigableSubMap$EntrySetView
Event: 0.669 loading class java/util/TreeMap$NavigableSubMap$EntrySetView done
Event: 0.669 loading class java/util/TreeMap$AscendingSubMap$AscendingEntrySetView done
Event: 0.669 loading class java/util/TreeMap$NavigableSubMap$SubMapEntryIterator
Event: 0.669 loading class java/util/TreeMap$NavigableSubMap$SubMapIterator
Event: 0.669 loading class java/util/TreeMap$NavigableSubMap$SubMapIterator done
Event: 0.669 loading class java/util/TreeMap$NavigableSubMap$SubMapEntryIterator done
Event: 0.671 loading class java/util/stream/MatchOps$2MatchSink
Event: 0.671 loading class java/util/stream/MatchOps$2MatchSink done


Dynamic libraries:
0x00007ff6f29f0000 - 0x00007ff6f29fe000 	C:\Users\fiete\jdk\jdk-17.0.9+8\bin\java.exe
0x00007ffb98520000 - 0x00007ffb98788000 	C:\WINDOWS\SYSTEM32\ntdll.dll
0x00007ffb96360000 - 0x00007ffb96429000 	C:\WINDOWS\System32\KERNEL32.DLL
0x00007ffb95940000 - 0x00007ffb95d38000 	C:\WINDOWS\System32\KERNELBASE.dll
0x00007ffb95670000 - 0x00007ffb957bb000 	C:\WINDOWS\System32\ucrtbase.dll
0x00007ffb77420000 - 0x00007ffb77437000 	C:\Users\fiete\jdk\jdk-17.0.9+8\bin\jli.dll
0x00007ffb71500000 - 0x00007ffb7151b000 	C:\Users\fiete\jdk\jdk-17.0.9+8\bin\VCRUNTIME140.dll
0x00007ffb97c40000 - 0x00007ffb97e07000 	C:\WINDOWS\System32\USER32.dll
0x00007ffb96290000 - 0x00007ffb962b7000 	C:\WINDOWS\System32\win32u.dll
0x00007ffb72250000 - 0x00007ffb724e4000 	C:\WINDOWS\WinSxS\amd64_microsoft.windows.common-controls_6595b64144ccf1df_6.0.26100.7019_none_3e06ffa0e335b8a8\COMCTL32.dll
0x00007ffb982d0000 - 0x00007ffb982fb000 	C:\WINDOWS\System32\GDI32.dll
0x00007ffb96ce0000 - 0x00007ffb96d89000 	C:\WINDOWS\System32\msvcrt.dll
0x00007ffb95e80000 - 0x00007ffb95fac000 	C:\WINDOWS\System32\gdi32full.dll
0x00007ffb95dd0000 - 0x00007ffb95e73000 	C:\WINDOWS\System32\msvcp_win.dll
0x00007ffb96ca0000 - 0x00007ffb96cd1000 	C:\WINDOWS\System32\IMM32.DLL
0x00007ffb75aa0000 - 0x00007ffb75aac000 	C:\Users\fiete\jdk\jdk-17.0.9+8\bin\vcruntime140_1.dll
0x00007ffb0a7e0000 - 0x00007ffb0a86d000 	C:\Users\fiete\jdk\jdk-17.0.9+8\bin\msvcp140.dll
0x00007ffad2330000 - 0x00007ffad2f93000 	C:\Users\fiete\jdk\jdk-17.0.9+8\bin\server\jvm.dll
0x00007ffb96d90000 - 0x00007ffb96e44000 	C:\WINDOWS\System32\ADVAPI32.dll
0x00007ffb97520000 - 0x00007ffb975c6000 	C:\WINDOWS\System32\sechost.dll
0x00007ffb971f0000 - 0x00007ffb97308000 	C:\WINDOWS\System32\RPCRT4.dll
0x00007ffb954d0000 - 0x00007ffb9552e000 	C:\WINDOWS\SYSTEM32\POWRPROF.dll
0x00007ffb740b0000 - 0x00007ffb740ba000 	C:\WINDOWS\SYSTEM32\WSOCK32.dll
0x00007ffb7a340000 - 0x00007ffb7a375000 	C:\WINDOWS\SYSTEM32\WINMM.dll
0x00007ffb82780000 - 0x00007ffb8278b000 	C:\WINDOWS\SYSTEM32\VERSION.dll
0x00007ffb97bc0000 - 0x00007ffb97c34000 	C:\WINDOWS\System32\WS2_32.dll
0x00007ffb954b0000 - 0x00007ffb954c4000 	C:\WINDOWS\SYSTEM32\UMPDC.dll
0x00007ffb94430000 - 0x00007ffb9444b000 	C:\WINDOWS\SYSTEM32\kernel.appcore.dll
0x00007ffb75a40000 - 0x00007ffb75a4a000 	C:\Users\fiete\jdk\jdk-17.0.9+8\bin\jimage.dll
0x00007ffb92a60000 - 0x00007ffb92ca2000 	C:\WINDOWS\SYSTEM32\DBGHELP.DLL
0x00007ffb96e50000 - 0x00007ffb971db000 	C:\WINDOWS\System32\combase.dll
0x00007ffb97ae0000 - 0x00007ffb97bb7000 	C:\WINDOWS\System32\OLEAUT32.dll
0x00007ffb7a730000 - 0x00007ffb7a76c000 	C:\WINDOWS\SYSTEM32\dbgcore.DLL
0x00007ffb961e0000 - 0x00007ffb96285000 	C:\WINDOWS\System32\bcryptPrimitives.dll
0x00007ffb714d0000 - 0x00007ffb714f5000 	C:\Users\fiete\jdk\jdk-17.0.9+8\bin\java.dll
0x00007ffb0a2e0000 - 0x00007ffb0a3b7000 	C:\Users\fiete\jdk\jdk-17.0.9+8\bin\jsvml.dll
0x00007ffb96430000 - 0x00007ffb96b7f000 	C:\WINDOWS\System32\SHELL32.dll
0x00007ffb96070000 - 0x00007ffb961db000 	C:\WINDOWS\System32\wintypes.dll
0x00007ffb93290000 - 0x00007ffb93aed000 	C:\WINDOWS\SYSTEM32\windows.storage.dll
0x00007ffb97e10000 - 0x00007ffb97f02000 	C:\WINDOWS\System32\SHCORE.dll
0x00007ffb97f10000 - 0x00007ffb97f77000 	C:\WINDOWS\System32\shlwapi.dll
0x00007ffb95590000 - 0x00007ffb955b9000 	C:\WINDOWS\SYSTEM32\profapi.dll
0x00007ffb6a0f0000 - 0x00007ffb6a109000 	C:\Users\fiete\jdk\jdk-17.0.9+8\bin\net.dll
0x00007ffb88120000 - 0x00007ffb88248000 	C:\WINDOWS\SYSTEM32\WINHTTP.dll
0x00007ffb949a0000 - 0x00007ffb94a0b000 	C:\WINDOWS\system32\mswsock.dll
0x00007ffb6a0d0000 - 0x00007ffb6a0e6000 	C:\Users\fiete\jdk\jdk-17.0.9+8\bin\nio.dll
0x00007ffb5b000000 - 0x00007ffb5b018000 	C:\Users\fiete\jdk\jdk-17.0.9+8\bin\zip.dll
0x00007ffb72030000 - 0x00007ffb72040000 	C:\Users\fiete\jdk\jdk-17.0.9+8\bin\verify.dll

dbghelp: loaded successfully - version: 4.0.5 - missing functions: none
symbol engine: initialized successfully - sym options: 0x614 - pdb path: .;C:\Users\fiete\jdk\jdk-17.0.9+8\bin;C:\WINDOWS\SYSTEM32;C:\WINDOWS\WinSxS\amd64_microsoft.windows.common-controls_6595b64144ccf1df_6.0.26100.7019_none_3e06ffa0e335b8a8;C:\Users\fiete\jdk\jdk-17.0.9+8\bin\server

VM Arguments:
java_command: checkstyle-11.0.0-all.jar -c checkstyle.xml -f plain src/main/java src/test/java
java_class_path (initial): checkstyle-11.0.0-all.jar
Launcher Type: SUN_STANDARD

[Global flags]
     intx CICompilerCount                          = 4                                         {product} {ergonomic}
     uint ConcGCThreads                            = 2                                         {product} {ergonomic}
     uint G1ConcRefinementThreads                  = 8                                         {product} {ergonomic}
   size_t G1HeapRegionSize                         = 2097152                                   {product} {ergonomic}
    uintx GCDrainStackTargetSize                   = 64                                        {product} {ergonomic}
   size_t InitialHeapSize                          = 266338304                                 {product} {ergonomic}
   size_t MarkStackSize                            = 4194304                                   {product} {ergonomic}
   size_t MaxHeapSize                              = 4234149888                                {product} {ergonomic}
   size_t MaxNewSize                               = 2539651072                                {product} {ergonomic}
   size_t MinHeapDeltaBytes                        = 2097152                                   {product} {ergonomic}
   size_t MinHeapSize                              = 8388608                                   {product} {ergonomic}
    uintx NonNMethodCodeHeapSize                   = 5839372                                {pd product} {ergonomic}
    uintx NonProfiledCodeHeapSize                  = 122909434                              {pd product} {ergonomic}
    uintx ProfiledCodeHeapSize                     = 122909434                              {pd product} {ergonomic}
    uintx ReservedCodeCacheSize                    = 251658240                              {pd product} {ergonomic}
     bool SegmentedCodeCache                       = true                                      {product} {ergonomic}
   size_t SoftMaxHeapSize                          = 4234149888                             {manageable} {ergonomic}
     bool UseCompressedClassPointers               = true                           {product lp64_product} {ergonomic}
     bool UseCompressedOops                        = true                           {product lp64_product} {ergonomic}
     bool UseG1GC                                  = true                                      {product} {ergonomic}
     bool UseLargePagesIndividualAllocation        = false                                  {pd product} {ergonomic}

Logging:
Log output configuration:
 #0: stdout all=warning uptime,level,tags
 #1: stderr all=off uptime,level,tags

Environment Variables:
JAVA_HOME=C:\Users\fiete\jdk\jdk-17.0.9+8
PATH=C:\Program Files\Microsoft SDKs\Azure\CLI2\wbin;C:\WINDOWS\system32;C:\WINDOWS;C:\WINDOWS\System32\Wbem;C:\WINDOWS\System32\WindowsPowerShell\v1.0\;C:\WINDOWS\System32\OpenSSH\;C:\Strawberry\c\bin;C:\Strawberry\perl\site\bin;C:\Strawberry\perl\bin;C:\ProgramData\chocolatey\bin;C:\Program Files\dotnet\;C:\Program Files\CMake\bin;C:\Program Files\Git\cmd;C:\Program Files (x86)\Gpg4win\..\GnuPG\bin;C:\Users\fiete\jdk\jdk-17.0.9+8\bin;C:\Program Files\PuTTY\;C:\Program Files (x86)\Windows Kits\10\Windows Performance Toolkit\;C:\Program Files\Docker\Docker\resources\bin;C:\Program Files\Go\bin;C:\Program Files\Calibre2\;C:\Program Files\nodejs\;C:\Program Files\Microsoft SQL Server\110\Tools\Binn\;C:\Program Files\Microsoft SQL Server\120\Tools\Binn\;C:\WINDOWS\system32;C:\WINDOWS;C:\WINDOWS\System32\Wbem;C:\WINDOWS\System32\WindowsPowerShell\v1.0\;C:\WINDOWS\System32\OpenSSH\;C:\Program Files\Graphviz\bin;C:\Program Files\PowerShell\7\;C:\Users\fiete\AppData\Local\Programs\Python\Python313\Scripts\;C:\Users\fiete\AppData\Local\Programs\Python\Python313\;C:\Users\fiete\.cargo\bin;C:\Users\fiete\AppData\Local\Microsoft\WindowsApps;C:\Users\fiete\AppData\Local\Programs\Microsoft VS Code\bin;C:\Users\fiete\Documents\Projekte\gamedev\OgreTest\ogre-sdk-v13.6.4-msvc141-x64\bin;C:\Users\fiete\AppData\Local\bin\NASM;C:\Program Files\JetBrains\IntelliJ IDEA 2025.2.4\bin;C:\Users\fiete\go\bin;C:\Program Files\Neovim\bin;C:\Users\fiete\AppData\Local\Programs\nu\bin\;C:\msys64\usr\bin;C:\Users\fiete\.dotnet\tools;C:\Users\fiete\AppData\Local\Microsoft\WinGet\Links;C:\Users\fiete\AppData\Local\Pandoc\;C:\Users\fiete\AppData\Local\Programs\MiKTeX\miktex\bin\x64\;C:\Users\fiete\AppData\Roaming\npm;C:\Users\fiete\.bun\bin;
USERNAME=fiete
OS=Windows_NT
PROCESSOR_IDENTIFIER=Intel64 Family 6 Model 140 Stepping 1, GenuineIntel
TMP=C:\Users\fiete\AppData\Local\Temp
TEMP=C:\Users\fiete\AppData\Local\Temp



Periodic native trim disabled


---------------  S Y S T E M  ---------------

OS:
 Windows 11 , 64 bit Build 26100 (10.0.26100.7019)
OS uptime: 1 days 9:57 hours
Hyper-V role detected

CPU: total 8 (initial active 8) (4 cores per cpu, 2 threads per core) family 6 model 140 stepping 1 microcode 0xa4, cx8, cmov, fxsr, ht, mmx, 3dnowpref, sse, sse2, sse3, ssse3, sse4.1, sse4.2, popcnt, lzcnt, tsc, tscinvbit, avx, avx2, aes, erms, clmul, bmi1, bmi2, adx, avx512f, avx512dq, avx512cd, avx512bw, avx512vl, sha, fma, vzeroupper, avx512_vpopcntdq, avx512_vpclmulqdq, avx512_vaes, avx512_vnni, clflush, clflushopt, clwb, avx512_vbmi2, avx512_vbmi, hv
Processor Information for all 8 processors :
  Max Mhz: 2419, Current Mhz: 2419, Mhz Limit: 2419

Memory: 4k page, system-wide physical 16145M (1917M free)
TotalPageFile size 24145M (AvailPageFile size 1M)
current process WorkingSet (physical memory assigned to process): 139M, peak: 139M
current process commit charge ("private bytes"): 380M, peak: 381M

vm_info: OpenJDK 64-Bit Server VM (17.0.9+8-LTS) for windows-amd64 JRE (17.0.9+8-LTS), built on Oct 17 2023 23:00:06 by "MicrosoftCorporation" with MS VC++ 16.10 / 16.11 (VS2019)

END.
